---------------------------------------------------------------
[ 2018-03-25T10:18:06+08:00 ] 0.0.0.0 GET /student.php/student/st/fill
[ info ] tp5.com/student.php/student/st/fill [运行时间：0.380762s][吞吐率：2.63req/s] [内存消耗：2,659.59kb] [文件加载：78]
[ info ] [ LANG ] /Users/liuyang/intermis/tp5/thinkphp/lang/zh-cn.php
[ info ] [ ROUTE ] array (
)
[ info ] [ HEADER ] array (
  'host' => 'tp5.com',
  'connection' => 'keep-alive',
  'cache-control' => 'max-age=0',
  'upgrade-insecure-requests' => '1',
  'user-agent' => 'Mozilla/5.0 (Macintosh; Intel Mac OS X 10_13_3) AppleWebKit/537.36 (KHTML, like Gecko) Chrome/65.0.3325.181 Safari/537.36',
  'accept' => 'text/html,application/xhtml+xml,application/xml;q=0.9,image/webp,image/apng,*/*;q=0.8',
  'referer' => 'http://tp5.com/student.php/student/st/insert.html?image=&hzx=ddd&hzm=ddd&zwxm=&gj=%E9%98%BF%E5%AF%8C%E6%B1%97&csrq=&csgj=%E9%98%BF%E5%AF%8C%E6%B1%97&csdd=&my=%E8%8B%B1%E8%AF%AD&zhxl=%E8%8B%B1%E8%AF%AD&zjxy=%E9%81%93%E6%95%99&gzdw=&zy=%E8%8B%B1%E8%AF%AD&jkzk=&tcah=&hzhm=ddd&hzdq=',
  'accept-encoding' => 'gzip, deflate',
  'accept-language' => 'zh-CN,zh;q=0.9',
  'cookie' => 'pgv_pvi=9845039104; pgv_si=s5432290304',
)
[ info ] [ PARAM ] array (
)
[ info ] [ DB ] INIT mysql
[ info ] [ VIEW ] /Users/liuyang/intermis/tp5/application/student/view/st/fill.html [ array (
  0 => 'country',
  1 => 'lang',
  2 => 're',
) ]
[ info ] [ LOG ] INIT File
[ sql ] [ DB ] CONNECT:[ UseTime:0.090081s ] mysql:host=localhost;port=8889;dbname=intermis;charset=utf8
[ sql ] [ SQL ] SHOW COLUMNS FROM `country` [ RunTime:0.068897s ]
[ sql ] [ SQL ] SELECT * FROM `country` [ RunTime:0.009776s ]
[ sql ] [ SQL ] SHOW COLUMNS FROM `language` [ RunTime:0.003792s ]
[ sql ] [ SQL ] SELECT * FROM `language` [ RunTime:0.000508s ]
[ sql ] [ SQL ] SHOW COLUMNS FROM `religion` [ RunTime:0.003136s ]
[ sql ] [ SQL ] SELECT * FROM `religion` [ RunTime:0.000757s ]
---------------------------------------------------------------
[ 2018-03-25T10:18:13+08:00 ] 0.0.0.0 POST /student.php/student/st/insert.html
[ info ] tp5.com/student.php/student/st/insert.html [运行时间：0.101679s][吞吐率：9.83req/s] [内存消耗：2,334.56kb] [文件加载：70]
[ info ] [ LANG ] /Users/liuyang/intermis/tp5/thinkphp/lang/zh-cn.php
[ info ] [ ROUTE ] array (
)
[ info ] [ HEADER ] array (
  'host' => 'tp5.com',
  'connection' => 'keep-alive',
  'content-length' => '218',
  'accept' => '*/*',
  'origin' => 'http://tp5.com',
  'x-requested-with' => 'XMLHttpRequest',
  'user-agent' => 'Mozilla/5.0 (Macintosh; Intel Mac OS X 10_13_3) AppleWebKit/537.36 (KHTML, like Gecko) Chrome/65.0.3325.181 Safari/537.36',
  'content-type' => 'application/x-www-form-urlencoded; charset=UTF-8',
  'referer' => 'http://tp5.com/student.php/student/st/fill',
  'accept-encoding' => 'gzip, deflate',
  'accept-language' => 'zh-CN,zh;q=0.9',
  'cookie' => 'pgv_pvi=9845039104; pgv_si=s5432290304',
)
[ info ] [ PARAM ] array (
  'hzx' => 'sdadf',
  'hzm' => '',
  'zwxm' => '',
  'gj' => '阿富汗',
  'csrq' => '',
  'csgj' => '阿富汗',
  'csdd' => '',
  'my' => '英语',
  'zhxl' => '英语',
  'zjxy' => '道教',
  'gzdw' => '',
  'zy' => '英语',
  'jkzk' => '',
  'tcah' => '',
  'hzhm' => '',
  'hzdq' => '',
)
[ info ] [ DB ] INIT mysql
[ info ] [ LOG ] INIT File
[ sql ] [ DB ] CONNECT:[ UseTime:0.000619s ] mysql:host=localhost;port=8889;dbname=intermis;charset=utf8
[ sql ] [ SQL ] SHOW COLUMNS FROM `student` [ RunTime:0.004630s ]
[ sql ] [ SQL ] INSERT INTO `student` (`hzx` , `hzm` , `zwxm` , `gj` , `csrq` , `csgj` , `csdd` , `my` , `zhxl` , `zjxy` , `gzdw` , `zy` , `jkzk` , `tcah` , `hzhm` , `hzdq`) VALUES ('sdadf' , '' , '' , '阿富汗' , '' , '阿富汗' , '' , '英语' , '英语' , '道教' , '' , '英语' , '' , '' , '' , '') [ RunTime:0.030257s ]
---------------------------------------------------------------
[ 2018-03-25T10:18:18+08:00 ] 0.0.0.0 GET /student.php/student/st/fill1.html
[ info ] tp5.com/student.php/student/st/fill1.html [运行时间：0.032430s][吞吐率：30.84req/s] [内存消耗：1,197.32kb] [文件加载：56]
[ info ] [ LANG ] /Users/liuyang/intermis/tp5/thinkphp/lang/zh-cn.php
[ info ] [ ROUTE ] array (
)
[ info ] [ HEADER ] array (
  'host' => 'tp5.com',
  'connection' => 'keep-alive',
  'upgrade-insecure-requests' => '1',
  'user-agent' => 'Mozilla/5.0 (Macintosh; Intel Mac OS X 10_13_3) AppleWebKit/537.36 (KHTML, like Gecko) Chrome/65.0.3325.181 Safari/537.36',
  'accept' => 'text/html,application/xhtml+xml,application/xml;q=0.9,image/webp,image/apng,*/*;q=0.8',
  'referer' => 'http://tp5.com/student.php/student/st/fill',
  'accept-encoding' => 'gzip, deflate',
  'accept-language' => 'zh-CN,zh;q=0.9',
  'cookie' => 'pgv_pvi=9845039104; pgv_si=s5432290304',
)
[ info ] [ PARAM ] array (
)
[ info ] [ VIEW ] /Users/liuyang/intermis/tp5/application/student/view/st/fill1.html [ array (
  0 => 'stid',
) ]
[ info ] [ LOG ] INIT File
---------------------------------------------------------------
[ 2018-03-25T10:20:33+08:00 ] 0.0.0.0 GET /student.php/student/st/fill
[ info ] tp5.com/student.php/student/st/fill [运行时间：0.056234s][吞吐率：17.78req/s] [内存消耗：2,499.75kb] [文件加载：76]
[ info ] [ LANG ] /Users/liuyang/intermis/tp5/thinkphp/lang/zh-cn.php
[ info ] [ ROUTE ] array (
)
[ info ] [ HEADER ] array (
  'host' => 'tp5.com',
  'connection' => 'keep-alive',
  'cache-control' => 'max-age=0',
  'upgrade-insecure-requests' => '1',
  'user-agent' => 'Mozilla/5.0 (Macintosh; Intel Mac OS X 10_13_3) AppleWebKit/537.36 (KHTML, like Gecko) Chrome/65.0.3325.181 Safari/537.36',
  'accept' => 'text/html,application/xhtml+xml,application/xml;q=0.9,image/webp,image/apng,*/*;q=0.8',
  'accept-encoding' => 'gzip, deflate',
  'accept-language' => 'zh-CN,zh;q=0.9',
  'cookie' => 'pgv_pvi=9845039104; pgv_si=s5432290304',
)
[ info ] [ PARAM ] array (
)
[ info ] [ DB ] INIT mysql
[ info ] [ VIEW ] /Users/liuyang/intermis/tp5/application/student/view/st/fill.html [ array (
  0 => 'country',
  1 => 'lang',
  2 => 're',
) ]
[ info ] [ LOG ] INIT File
[ sql ] [ DB ] CONNECT:[ UseTime:0.000416s ] mysql:host=localhost;port=8889;dbname=intermis;charset=utf8
[ sql ] [ SQL ] SHOW COLUMNS FROM `country` [ RunTime:0.004760s ]
[ sql ] [ SQL ] SELECT * FROM `country` [ RunTime:0.000484s ]
[ sql ] [ SQL ] SHOW COLUMNS FROM `language` [ RunTime:0.003033s ]
[ sql ] [ SQL ] SELECT * FROM `language` [ RunTime:0.000473s ]
[ sql ] [ SQL ] SHOW COLUMNS FROM `religion` [ RunTime:0.003839s ]
[ sql ] [ SQL ] SELECT * FROM `religion` [ RunTime:0.000458s ]
---------------------------------------------------------------
[ 2018-03-25T10:20:50+08:00 ] 0.0.0.0 GET /student.php/student/st/fill
[ info ] tp5.com/student.php/student/st/fill [运行时间：0.064227s][吞吐率：15.57req/s] [内存消耗：2,658.75kb] [文件加载：78]
[ info ] [ LANG ] /Users/liuyang/intermis/tp5/thinkphp/lang/zh-cn.php
[ info ] [ ROUTE ] array (
)
[ info ] [ HEADER ] array (
  'host' => 'tp5.com',
  'connection' => 'keep-alive',
  'cache-control' => 'max-age=0',
  'upgrade-insecure-requests' => '1',
  'user-agent' => 'Mozilla/5.0 (Macintosh; Intel Mac OS X 10_13_3) AppleWebKit/537.36 (KHTML, like Gecko) Chrome/65.0.3325.181 Safari/537.36',
  'accept' => 'text/html,application/xhtml+xml,application/xml;q=0.9,image/webp,image/apng,*/*;q=0.8',
  'accept-encoding' => 'gzip, deflate',
  'accept-language' => 'zh-CN,zh;q=0.9',
  'cookie' => 'pgv_pvi=9845039104; pgv_si=s5432290304',
)
[ info ] [ PARAM ] array (
)
[ info ] [ DB ] INIT mysql
[ info ] [ VIEW ] /Users/liuyang/intermis/tp5/application/student/view/st/fill.html [ array (
  0 => 'country',
  1 => 'lang',
  2 => 're',
) ]
[ info ] [ LOG ] INIT File
[ sql ] [ DB ] CONNECT:[ UseTime:0.000617s ] mysql:host=localhost;port=8889;dbname=intermis;charset=utf8
[ sql ] [ SQL ] SHOW COLUMNS FROM `country` [ RunTime:0.003734s ]
[ sql ] [ SQL ] SELECT * FROM `country` [ RunTime:0.000473s ]
[ sql ] [ SQL ] SHOW COLUMNS FROM `language` [ RunTime:0.002995s ]
[ sql ] [ SQL ] SELECT * FROM `language` [ RunTime:0.000404s ]
[ sql ] [ SQL ] SHOW COLUMNS FROM `religion` [ RunTime:0.002777s ]
[ sql ] [ SQL ] SELECT * FROM `religion` [ RunTime:0.000377s ]
---------------------------------------------------------------
[ 2018-03-25T10:20:53+08:00 ] 0.0.0.0 POST /student.php/student/st/insert.html
[ info ] tp5.com/student.php/student/st/insert.html [运行时间：0.060038s][吞吐率：16.66req/s] [内存消耗：2,334.56kb] [文件加载：70]
[ info ] [ LANG ] /Users/liuyang/intermis/tp5/thinkphp/lang/zh-cn.php
[ info ] [ ROUTE ] array (
)
[ info ] [ HEADER ] array (
  'host' => 'tp5.com',
  'connection' => 'keep-alive',
  'content-length' => '217',
  'accept' => '*/*',
  'origin' => 'http://tp5.com',
  'x-requested-with' => 'XMLHttpRequest',
  'user-agent' => 'Mozilla/5.0 (Macintosh; Intel Mac OS X 10_13_3) AppleWebKit/537.36 (KHTML, like Gecko) Chrome/65.0.3325.181 Safari/537.36',
  'content-type' => 'application/x-www-form-urlencoded; charset=UTF-8',
  'referer' => 'http://tp5.com/student.php/student/st/fill',
  'accept-encoding' => 'gzip, deflate',
  'accept-language' => 'zh-CN,zh;q=0.9',
  'cookie' => 'pgv_pvi=9845039104; pgv_si=s5432290304',
)
[ info ] [ PARAM ] array (
  'hzx' => 'asdf',
  'hzm' => '',
  'zwxm' => '',
  'gj' => '阿富汗',
  'csrq' => '',
  'csgj' => '阿富汗',
  'csdd' => '',
  'my' => '英语',
  'zhxl' => '英语',
  'zjxy' => '道教',
  'gzdw' => '',
  'zy' => '英语',
  'jkzk' => '',
  'tcah' => '',
  'hzhm' => '',
  'hzdq' => '',
)
[ info ] [ DB ] INIT mysql
[ info ] [ LOG ] INIT File
[ sql ] [ DB ] CONNECT:[ UseTime:0.000364s ] mysql:host=localhost;port=8889;dbname=intermis;charset=utf8
[ sql ] [ SQL ] SHOW COLUMNS FROM `student` [ RunTime:0.004907s ]
[ sql ] [ SQL ] INSERT INTO `student` (`hzx` , `hzm` , `zwxm` , `gj` , `csrq` , `csgj` , `csdd` , `my` , `zhxl` , `zjxy` , `gzdw` , `zy` , `jkzk` , `tcah` , `hzhm` , `hzdq`) VALUES ('asdf' , '' , '' , '阿富汗' , '' , '阿富汗' , '' , '英语' , '英语' , '道教' , '' , '英语' , '' , '' , '' , '') [ RunTime:0.000911s ]
---------------------------------------------------------------
[ 2018-03-25T10:20:56+08:00 ] 0.0.0.0 GET /student.php/student/st/fill1.html
[ info ] tp5.com/student.php/student/st/fill1.html [运行时间：0.029069s][吞吐率：34.40req/s] [内存消耗：1,197.32kb] [文件加载：56]
[ info ] [ LANG ] /Users/liuyang/intermis/tp5/thinkphp/lang/zh-cn.php
[ info ] [ ROUTE ] array (
)
[ info ] [ HEADER ] array (
  'host' => 'tp5.com',
  'connection' => 'keep-alive',
  'upgrade-insecure-requests' => '1',
  'user-agent' => 'Mozilla/5.0 (Macintosh; Intel Mac OS X 10_13_3) AppleWebKit/537.36 (KHTML, like Gecko) Chrome/65.0.3325.181 Safari/537.36',
  'accept' => 'text/html,application/xhtml+xml,application/xml;q=0.9,image/webp,image/apng,*/*;q=0.8',
  'referer' => 'http://tp5.com/student.php/student/st/fill',
  'accept-encoding' => 'gzip, deflate',
  'accept-language' => 'zh-CN,zh;q=0.9',
  'cookie' => 'pgv_pvi=9845039104; pgv_si=s5432290304',
)
[ info ] [ PARAM ] array (
)
[ info ] [ VIEW ] /Users/liuyang/intermis/tp5/application/student/view/st/fill1.html [ array (
  0 => 'stid',
) ]
[ info ] [ LOG ] INIT File
---------------------------------------------------------------
[ 2018-03-25T10:22:26+08:00 ] 0.0.0.0 GET /student.php/student/st/fill
[ info ] tp5.com/student.php/student/st/fill [运行时间：0.054951s][吞吐率：18.20req/s] [内存消耗：2,499.75kb] [文件加载：76]
[ info ] [ LANG ] /Users/liuyang/intermis/tp5/thinkphp/lang/zh-cn.php
[ info ] [ ROUTE ] array (
)
[ info ] [ HEADER ] array (
  'host' => 'tp5.com',
  'connection' => 'keep-alive',
  'cache-control' => 'max-age=0',
  'upgrade-insecure-requests' => '1',
  'user-agent' => 'Mozilla/5.0 (Macintosh; Intel Mac OS X 10_13_3) AppleWebKit/537.36 (KHTML, like Gecko) Chrome/65.0.3325.181 Safari/537.36',
  'accept' => 'text/html,application/xhtml+xml,application/xml;q=0.9,image/webp,image/apng,*/*;q=0.8',
  'accept-encoding' => 'gzip, deflate',
  'accept-language' => 'zh-CN,zh;q=0.9',
  'cookie' => 'pgv_pvi=9845039104; pgv_si=s5432290304',
)
[ info ] [ PARAM ] array (
)
[ info ] [ DB ] INIT mysql
[ info ] [ VIEW ] /Users/liuyang/intermis/tp5/application/student/view/st/fill.html [ array (
  0 => 'country',
  1 => 'lang',
  2 => 're',
) ]
[ info ] [ LOG ] INIT File
[ sql ] [ DB ] CONNECT:[ UseTime:0.000457s ] mysql:host=localhost;port=8889;dbname=intermis;charset=utf8
[ sql ] [ SQL ] SHOW COLUMNS FROM `country` [ RunTime:0.004367s ]
[ sql ] [ SQL ] SELECT * FROM `country` [ RunTime:0.000421s ]
[ sql ] [ SQL ] SHOW COLUMNS FROM `language` [ RunTime:0.003208s ]
[ sql ] [ SQL ] SELECT * FROM `language` [ RunTime:0.000457s ]
[ sql ] [ SQL ] SHOW COLUMNS FROM `religion` [ RunTime:0.002766s ]
[ sql ] [ SQL ] SELECT * FROM `religion` [ RunTime:0.000420s ]
---------------------------------------------------------------
[ 2018-03-25T10:25:13+08:00 ] 0.0.0.0 GET /student.php/student/st/fill
[ info ] tp5.com/student.php/student/st/fill [运行时间：0.065607s][吞吐率：15.24req/s] [内存消耗：2,658.75kb] [文件加载：78]
[ info ] [ LANG ] /Users/liuyang/intermis/tp5/thinkphp/lang/zh-cn.php
[ info ] [ ROUTE ] array (
)
[ info ] [ HEADER ] array (
  'host' => 'tp5.com',
  'connection' => 'keep-alive',
  'cache-control' => 'max-age=0',
  'upgrade-insecure-requests' => '1',
  'user-agent' => 'Mozilla/5.0 (Macintosh; Intel Mac OS X 10_13_3) AppleWebKit/537.36 (KHTML, like Gecko) Chrome/65.0.3325.181 Safari/537.36',
  'accept' => 'text/html,application/xhtml+xml,application/xml;q=0.9,image/webp,image/apng,*/*;q=0.8',
  'accept-encoding' => 'gzip, deflate',
  'accept-language' => 'zh-CN,zh;q=0.9',
  'cookie' => 'pgv_pvi=9845039104; pgv_si=s5432290304',
)
[ info ] [ PARAM ] array (
)
[ info ] [ DB ] INIT mysql
[ info ] [ VIEW ] /Users/liuyang/intermis/tp5/application/student/view/st/fill.html [ array (
  0 => 'country',
  1 => 'lang',
  2 => 're',
) ]
[ info ] [ LOG ] INIT File
[ sql ] [ DB ] CONNECT:[ UseTime:0.000552s ] mysql:host=localhost;port=8889;dbname=intermis;charset=utf8
[ sql ] [ SQL ] SHOW COLUMNS FROM `country` [ RunTime:0.003365s ]
[ sql ] [ SQL ] SELECT * FROM `country` [ RunTime:0.000430s ]
[ sql ] [ SQL ] SHOW COLUMNS FROM `language` [ RunTime:0.003494s ]
[ sql ] [ SQL ] SELECT * FROM `language` [ RunTime:0.000467s ]
[ sql ] [ SQL ] SHOW COLUMNS FROM `religion` [ RunTime:0.002714s ]
[ sql ] [ SQL ] SELECT * FROM `religion` [ RunTime:0.000506s ]
---------------------------------------------------------------
[ 2018-03-25T10:25:16+08:00 ] 0.0.0.0 POST /student.php/student/st/insert.html
[ info ] tp5.com/student.php/student/st/insert.html [运行时间：0.053912s][吞吐率：18.55req/s] [内存消耗：2,334.56kb] [文件加载：70]
[ info ] [ LANG ] /Users/liuyang/intermis/tp5/thinkphp/lang/zh-cn.php
[ info ] [ ROUTE ] array (
)
[ info ] [ HEADER ] array (
  'host' => 'tp5.com',
  'connection' => 'keep-alive',
  'content-length' => '216',
  'accept' => '*/*',
  'origin' => 'http://tp5.com',
  'x-requested-with' => 'XMLHttpRequest',
  'user-agent' => 'Mozilla/5.0 (Macintosh; Intel Mac OS X 10_13_3) AppleWebKit/537.36 (KHTML, like Gecko) Chrome/65.0.3325.181 Safari/537.36',
  'content-type' => 'application/x-www-form-urlencoded; charset=UTF-8',
  'referer' => 'http://tp5.com/student.php/student/st/fill',
  'accept-encoding' => 'gzip, deflate',
  'accept-language' => 'zh-CN,zh;q=0.9',
  'cookie' => 'pgv_pvi=9845039104; pgv_si=s5432290304',
)
[ info ] [ PARAM ] array (
  'hzx' => 'adf',
  'hzm' => '',
  'zwxm' => '',
  'gj' => '阿富汗',
  'csrq' => '',
  'csgj' => '阿富汗',
  'csdd' => '',
  'my' => '英语',
  'zhxl' => '英语',
  'zjxy' => '道教',
  'gzdw' => '',
  'zy' => '英语',
  'jkzk' => '',
  'tcah' => '',
  'hzhm' => '',
  'hzdq' => '',
)
[ info ] [ DB ] INIT mysql
[ info ] [ LOG ] INIT File
[ sql ] [ DB ] CONNECT:[ UseTime:0.000663s ] mysql:host=localhost;port=8889;dbname=intermis;charset=utf8
[ sql ] [ SQL ] SHOW COLUMNS FROM `student` [ RunTime:0.005082s ]
[ sql ] [ SQL ] INSERT INTO `student` (`hzx` , `hzm` , `zwxm` , `gj` , `csrq` , `csgj` , `csdd` , `my` , `zhxl` , `zjxy` , `gzdw` , `zy` , `jkzk` , `tcah` , `hzhm` , `hzdq`) VALUES ('adf' , '' , '' , '阿富汗' , '' , '阿富汗' , '' , '英语' , '英语' , '道教' , '' , '英语' , '' , '' , '' , '') [ RunTime:0.001471s ]
---------------------------------------------------------------
[ 2018-03-25T10:25:18+08:00 ] 0.0.0.0 GET /student.php/student/st/fill1/stid/123.html
[ info ] tp5.com/student.php/student/st/fill1/stid/123.html [运行时间：0.031030s][吞吐率：32.23req/s] [内存消耗：1,198.04kb] [文件加载：56]
[ info ] [ LANG ] /Users/liuyang/intermis/tp5/thinkphp/lang/zh-cn.php
[ info ] [ ROUTE ] array (
)
[ info ] [ HEADER ] array (
  'host' => 'tp5.com',
  'connection' => 'keep-alive',
  'upgrade-insecure-requests' => '1',
  'user-agent' => 'Mozilla/5.0 (Macintosh; Intel Mac OS X 10_13_3) AppleWebKit/537.36 (KHTML, like Gecko) Chrome/65.0.3325.181 Safari/537.36',
  'accept' => 'text/html,application/xhtml+xml,application/xml;q=0.9,image/webp,image/apng,*/*;q=0.8',
  'referer' => 'http://tp5.com/student.php/student/st/fill',
  'accept-encoding' => 'gzip, deflate',
  'accept-language' => 'zh-CN,zh;q=0.9',
  'cookie' => 'pgv_pvi=9845039104; pgv_si=s5432290304',
)
[ info ] [ PARAM ] array (
)
[ info ] [ VIEW ] /Users/liuyang/intermis/tp5/application/student/view/st/fill1.html [ array (
  0 => 'stid',
) ]
[ info ] [ LOG ] INIT File
---------------------------------------------------------------
[ 2018-03-25T10:25:34+08:00 ] 0.0.0.0 GET /student.php/student/st/fill
[ info ] tp5.com/student.php/student/st/fill [运行时间：0.109311s][吞吐率：9.15req/s] [内存消耗：2,702.96kb] [文件加载：81]
[ info ] [ LANG ] /Users/liuyang/intermis/tp5/thinkphp/lang/zh-cn.php
[ info ] [ ROUTE ] array (
)
[ info ] [ HEADER ] array (
  'host' => 'tp5.com',
  'connection' => 'keep-alive',
  'cache-control' => 'max-age=0',
  'upgrade-insecure-requests' => '1',
  'user-agent' => 'Mozilla/5.0 (Macintosh; Intel Mac OS X 10_13_3) AppleWebKit/537.36 (KHTML, like Gecko) Chrome/65.0.3325.181 Safari/537.36',
  'accept' => 'text/html,application/xhtml+xml,application/xml;q=0.9,image/webp,image/apng,*/*;q=0.8',
  'accept-encoding' => 'gzip, deflate',
  'accept-language' => 'zh-CN,zh;q=0.9',
  'cookie' => 'pgv_pvi=9845039104; pgv_si=s5432290304',
)
[ info ] [ PARAM ] array (
)
[ info ] [ DB ] INIT mysql
[ info ] [ VIEW ] /Users/liuyang/intermis/tp5/application/student/view/st/fill.html [ array (
  0 => 'country',
  1 => 'lang',
  2 => 're',
) ]
[ info ] [ LOG ] INIT File
[ sql ] [ DB ] CONNECT:[ UseTime:0.000570s ] mysql:host=localhost;port=8889;dbname=intermis;charset=utf8
[ sql ] [ SQL ] SHOW COLUMNS FROM `country` [ RunTime:0.004332s ]
[ sql ] [ SQL ] SELECT * FROM `country` [ RunTime:0.000451s ]
[ sql ] [ SQL ] SHOW COLUMNS FROM `language` [ RunTime:0.002967s ]
[ sql ] [ SQL ] SELECT * FROM `language` [ RunTime:0.000459s ]
[ sql ] [ SQL ] SHOW COLUMNS FROM `religion` [ RunTime:0.003055s ]
[ sql ] [ SQL ] SELECT * FROM `religion` [ RunTime:0.000400s ]
[ error ] [8]Use of undefined constant data - assumed 'data'[/Users/liuyang/intermis/tp5/runtime/temp/a107fdd50b7d34eb8655e3cb0f0fdd96.php:279]
---------------------------------------------------------------
[ 2018-03-25T10:26:11+08:00 ] 0.0.0.0 GET /student.php/student/st/fill
[ info ] tp5.com/student.php/student/st/fill [运行时间：0.061141s][吞吐率：16.36req/s] [内存消耗：2,658.75kb] [文件加载：78]
[ info ] [ LANG ] /Users/liuyang/intermis/tp5/thinkphp/lang/zh-cn.php
[ info ] [ ROUTE ] array (
)
[ info ] [ HEADER ] array (
  'host' => 'tp5.com',
  'connection' => 'keep-alive',
  'cache-control' => 'max-age=0',
  'upgrade-insecure-requests' => '1',
  'user-agent' => 'Mozilla/5.0 (Macintosh; Intel Mac OS X 10_13_3) AppleWebKit/537.36 (KHTML, like Gecko) Chrome/65.0.3325.181 Safari/537.36',
  'accept' => 'text/html,application/xhtml+xml,application/xml;q=0.9,image/webp,image/apng,*/*;q=0.8',
  'accept-encoding' => 'gzip, deflate',
  'accept-language' => 'zh-CN,zh;q=0.9',
  'cookie' => 'pgv_pvi=9845039104; pgv_si=s5432290304',
)
[ info ] [ PARAM ] array (
)
[ info ] [ DB ] INIT mysql
[ info ] [ VIEW ] /Users/liuyang/intermis/tp5/application/student/view/st/fill.html [ array (
  0 => 'country',
  1 => 'lang',
  2 => 're',
) ]
[ info ] [ LOG ] INIT File
[ sql ] [ DB ] CONNECT:[ UseTime:0.000368s ] mysql:host=localhost;port=8889;dbname=intermis;charset=utf8
[ sql ] [ SQL ] SHOW COLUMNS FROM `country` [ RunTime:0.004344s ]
[ sql ] [ SQL ] SELECT * FROM `country` [ RunTime:0.000413s ]
[ sql ] [ SQL ] SHOW COLUMNS FROM `language` [ RunTime:0.002868s ]
[ sql ] [ SQL ] SELECT * FROM `language` [ RunTime:0.000451s ]
[ sql ] [ SQL ] SHOW COLUMNS FROM `religion` [ RunTime:0.002836s ]
[ sql ] [ SQL ] SELECT * FROM `religion` [ RunTime:0.000383s ]
---------------------------------------------------------------
[ 2018-03-25T10:26:14+08:00 ] 0.0.0.0 POST /student.php/student/st/insert.html
[ info ] tp5.com/student.php/student/st/insert.html [运行时间：0.054418s][吞吐率：18.38req/s] [内存消耗：2,334.56kb] [文件加载：70]
[ info ] [ LANG ] /Users/liuyang/intermis/tp5/thinkphp/lang/zh-cn.php
[ info ] [ ROUTE ] array (
)
[ info ] [ HEADER ] array (
  'host' => 'tp5.com',
  'connection' => 'keep-alive',
  'content-length' => '217',
  'accept' => '*/*',
  'origin' => 'http://tp5.com',
  'x-requested-with' => 'XMLHttpRequest',
  'user-agent' => 'Mozilla/5.0 (Macintosh; Intel Mac OS X 10_13_3) AppleWebKit/537.36 (KHTML, like Gecko) Chrome/65.0.3325.181 Safari/537.36',
  'content-type' => 'application/x-www-form-urlencoded; charset=UTF-8',
  'referer' => 'http://tp5.com/student.php/student/st/fill',
  'accept-encoding' => 'gzip, deflate',
  'accept-language' => 'zh-CN,zh;q=0.9',
  'cookie' => 'pgv_pvi=9845039104; pgv_si=s5432290304',
)
[ info ] [ PARAM ] array (
  'hzx' => '',
  'hzm' => '',
  'zwxm' => 'fsdf',
  'gj' => '阿富汗',
  'csrq' => '',
  'csgj' => '阿富汗',
  'csdd' => '',
  'my' => '英语',
  'zhxl' => '英语',
  'zjxy' => '道教',
  'gzdw' => '',
  'zy' => '英语',
  'jkzk' => '',
  'tcah' => '',
  'hzhm' => '',
  'hzdq' => '',
)
[ info ] [ DB ] INIT mysql
[ info ] [ LOG ] INIT File
[ sql ] [ DB ] CONNECT:[ UseTime:0.001392s ] mysql:host=localhost;port=8889;dbname=intermis;charset=utf8
[ sql ] [ SQL ] SHOW COLUMNS FROM `student` [ RunTime:0.004563s ]
[ sql ] [ SQL ] INSERT INTO `student` (`hzx` , `hzm` , `zwxm` , `gj` , `csrq` , `csgj` , `csdd` , `my` , `zhxl` , `zjxy` , `gzdw` , `zy` , `jkzk` , `tcah` , `hzhm` , `hzdq`) VALUES ('' , '' , 'fsdf' , '阿富汗' , '' , '阿富汗' , '' , '英语' , '英语' , '道教' , '' , '英语' , '' , '' , '' , '') [ RunTime:0.001844s ]
---------------------------------------------------------------
[ 2018-03-25T10:26:17+08:00 ] 0.0.0.0 GET /student.php/student/st/fill1/stid/data.stid.html
[ info ] tp5.com/student.php/student/st/fill1/stid/data.stid.html [运行时间：0.029932s][吞吐率：33.41req/s] [内存消耗：1,198.09kb] [文件加载：56]
[ info ] [ LANG ] /Users/liuyang/intermis/tp5/thinkphp/lang/zh-cn.php
[ info ] [ ROUTE ] array (
)
[ info ] [ HEADER ] array (
  'host' => 'tp5.com',
  'connection' => 'keep-alive',
  'upgrade-insecure-requests' => '1',
  'user-agent' => 'Mozilla/5.0 (Macintosh; Intel Mac OS X 10_13_3) AppleWebKit/537.36 (KHTML, like Gecko) Chrome/65.0.3325.181 Safari/537.36',
  'accept' => 'text/html,application/xhtml+xml,application/xml;q=0.9,image/webp,image/apng,*/*;q=0.8',
  'referer' => 'http://tp5.com/student.php/student/st/fill',
  'accept-encoding' => 'gzip, deflate',
  'accept-language' => 'zh-CN,zh;q=0.9',
  'cookie' => 'pgv_pvi=9845039104; pgv_si=s5432290304',
)
[ info ] [ PARAM ] array (
)
[ info ] [ VIEW ] /Users/liuyang/intermis/tp5/application/student/view/st/fill1.html [ array (
  0 => 'stid',
) ]
[ info ] [ LOG ] INIT File
---------------------------------------------------------------
[ 2018-03-25T10:26:52+08:00 ] 0.0.0.0 GET /student.php/student/st/fill
[ info ] tp5.com/student.php/student/st/fill [运行时间：0.078168s][吞吐率：12.79req/s] [内存消耗：2,702.96kb] [文件加载：81]
[ info ] [ LANG ] /Users/liuyang/intermis/tp5/thinkphp/lang/zh-cn.php
[ info ] [ ROUTE ] array (
)
[ info ] [ HEADER ] array (
  'host' => 'tp5.com',
  'connection' => 'keep-alive',
  'cache-control' => 'max-age=0',
  'upgrade-insecure-requests' => '1',
  'user-agent' => 'Mozilla/5.0 (Macintosh; Intel Mac OS X 10_13_3) AppleWebKit/537.36 (KHTML, like Gecko) Chrome/65.0.3325.181 Safari/537.36',
  'accept' => 'text/html,application/xhtml+xml,application/xml;q=0.9,image/webp,image/apng,*/*;q=0.8',
  'accept-encoding' => 'gzip, deflate',
  'accept-language' => 'zh-CN,zh;q=0.9',
  'cookie' => 'pgv_pvi=9845039104; pgv_si=s5432290304',
)
[ info ] [ PARAM ] array (
)
[ info ] [ DB ] INIT mysql
[ info ] [ VIEW ] /Users/liuyang/intermis/tp5/application/student/view/st/fill.html [ array (
  0 => 'country',
  1 => 'lang',
  2 => 're',
) ]
[ info ] [ LOG ] INIT File
[ sql ] [ DB ] CONNECT:[ UseTime:0.000379s ] mysql:host=localhost;port=8889;dbname=intermis;charset=utf8
[ sql ] [ SQL ] SHOW COLUMNS FROM `country` [ RunTime:0.005381s ]
[ sql ] [ SQL ] SELECT * FROM `country` [ RunTime:0.000517s ]
[ sql ] [ SQL ] SHOW COLUMNS FROM `language` [ RunTime:0.003058s ]
[ sql ] [ SQL ] SELECT * FROM `language` [ RunTime:0.000445s ]
[ sql ] [ SQL ] SHOW COLUMNS FROM `religion` [ RunTime:0.002906s ]
[ sql ] [ SQL ] SELECT * FROM `religion` [ RunTime:0.000580s ]
[ error ] [8]Use of undefined constant data - assumed 'data'[/Users/liuyang/intermis/tp5/runtime/temp/a107fdd50b7d34eb8655e3cb0f0fdd96.php:279]
---------------------------------------------------------------
[ 2018-03-25T10:27:23+08:00 ] 0.0.0.0 GET /student.php/student/st/fill
[ info ] tp5.com/student.php/student/st/fill [运行时间：0.078215s][吞吐率：12.79req/s] [内存消耗：2,702.99kb] [文件加载：81]
[ info ] [ LANG ] /Users/liuyang/intermis/tp5/thinkphp/lang/zh-cn.php
[ info ] [ ROUTE ] array (
)
[ info ] [ HEADER ] array (
  'host' => 'tp5.com',
  'connection' => 'keep-alive',
  'cache-control' => 'max-age=0',
  'upgrade-insecure-requests' => '1',
  'user-agent' => 'Mozilla/5.0 (Macintosh; Intel Mac OS X 10_13_3) AppleWebKit/537.36 (KHTML, like Gecko) Chrome/65.0.3325.181 Safari/537.36',
  'accept' => 'text/html,application/xhtml+xml,application/xml;q=0.9,image/webp,image/apng,*/*;q=0.8',
  'accept-encoding' => 'gzip, deflate',
  'accept-language' => 'zh-CN,zh;q=0.9',
  'cookie' => 'pgv_pvi=9845039104; pgv_si=s5432290304',
)
[ info ] [ PARAM ] array (
)
[ info ] [ DB ] INIT mysql
[ info ] [ VIEW ] /Users/liuyang/intermis/tp5/application/student/view/st/fill.html [ array (
  0 => 'country',
  1 => 'lang',
  2 => 're',
) ]
[ info ] [ LOG ] INIT File
[ sql ] [ DB ] CONNECT:[ UseTime:0.000566s ] mysql:host=localhost;port=8889;dbname=intermis;charset=utf8
[ sql ] [ SQL ] SHOW COLUMNS FROM `country` [ RunTime:0.003245s ]
[ sql ] [ SQL ] SELECT * FROM `country` [ RunTime:0.000431s ]
[ sql ] [ SQL ] SHOW COLUMNS FROM `language` [ RunTime:0.003419s ]
[ sql ] [ SQL ] SELECT * FROM `language` [ RunTime:0.000471s ]
[ sql ] [ SQL ] SHOW COLUMNS FROM `religion` [ RunTime:0.002827s ]
[ sql ] [ SQL ] SELECT * FROM `religion` [ RunTime:0.000384s ]
[ error ] [8]Use of undefined constant aa - assumed 'aa'[/Users/liuyang/intermis/tp5/runtime/temp/a107fdd50b7d34eb8655e3cb0f0fdd96.php:279]
---------------------------------------------------------------
[ 2018-03-25T10:28:11+08:00 ] 0.0.0.0 GET /student.php/student/st/fill
[ info ] tp5.com/student.php/student/st/fill [运行时间：0.109438s][吞吐率：9.14req/s] [内存消耗：2,702.96kb] [文件加载：81]
[ info ] [ LANG ] /Users/liuyang/intermis/tp5/thinkphp/lang/zh-cn.php
[ info ] [ ROUTE ] array (
)
[ info ] [ HEADER ] array (
  'host' => 'tp5.com',
  'connection' => 'keep-alive',
  'cache-control' => 'max-age=0',
  'upgrade-insecure-requests' => '1',
  'user-agent' => 'Mozilla/5.0 (Macintosh; Intel Mac OS X 10_13_3) AppleWebKit/537.36 (KHTML, like Gecko) Chrome/65.0.3325.181 Safari/537.36',
  'accept' => 'text/html,application/xhtml+xml,application/xml;q=0.9,image/webp,image/apng,*/*;q=0.8',
  'accept-encoding' => 'gzip, deflate',
  'accept-language' => 'zh-CN,zh;q=0.9',
  'cookie' => 'pgv_pvi=9845039104; pgv_si=s5432290304',
)
[ info ] [ PARAM ] array (
)
[ info ] [ DB ] INIT mysql
[ info ] [ VIEW ] /Users/liuyang/intermis/tp5/application/student/view/st/fill.html [ array (
  0 => 'country',
  1 => 'lang',
  2 => 're',
) ]
[ info ] [ LOG ] INIT File
[ sql ] [ DB ] CONNECT:[ UseTime:0.001707s ] mysql:host=localhost;port=8889;dbname=intermis;charset=utf8
[ sql ] [ SQL ] SHOW COLUMNS FROM `country` [ RunTime:0.002677s ]
[ sql ] [ SQL ] SELECT * FROM `country` [ RunTime:0.000440s ]
[ sql ] [ SQL ] SHOW COLUMNS FROM `language` [ RunTime:0.003330s ]
[ sql ] [ SQL ] SELECT * FROM `language` [ RunTime:0.000388s ]
[ sql ] [ SQL ] SHOW COLUMNS FROM `religion` [ RunTime:0.002840s ]
[ sql ] [ SQL ] SELECT * FROM `religion` [ RunTime:0.000786s ]
[ error ] [8]Use of undefined constant data - assumed 'data'[/Users/liuyang/intermis/tp5/runtime/temp/a107fdd50b7d34eb8655e3cb0f0fdd96.php:279]
---------------------------------------------------------------
[ 2018-03-25T10:49:35+08:00 ] 0.0.0.0 GET /student.php/student/st/fill
[ info ] tp5.com/student.php/student/st/fill [运行时间：0.171566s][吞吐率：5.83req/s] [内存消耗：2,639.55kb] [文件加载：77]
[ info ] [ LANG ] /Users/liuyang/intermis/tp5/thinkphp/lang/zh-cn.php
[ info ] [ ROUTE ] array (
)
[ info ] [ HEADER ] array (
  'host' => 'tp5.com',
  'connection' => 'keep-alive',
  'cache-control' => 'max-age=0',
  'upgrade-insecure-requests' => '1',
  'user-agent' => 'Mozilla/5.0 (Macintosh; Intel Mac OS X 10_13_3) AppleWebKit/537.36 (KHTML, like Gecko) Chrome/65.0.3325.181 Safari/537.36',
  'accept' => 'text/html,application/xhtml+xml,application/xml;q=0.9,image/webp,image/apng,*/*;q=0.8',
  'accept-encoding' => 'gzip, deflate',
  'accept-language' => 'zh-CN,zh;q=0.9',
  'cookie' => 'pgv_pvi=9845039104; pgv_si=s5432290304',
)
[ info ] [ PARAM ] array (
)
[ info ] [ DB ] INIT mysql
[ info ] [ VIEW ] /Users/liuyang/intermis/tp5/application/student/view/st/fill.html [ array (
  0 => 'country',
  1 => 'lang',
  2 => 're',
) ]
[ info ] [ LOG ] INIT File
[ sql ] [ DB ] CONNECT:[ UseTime:0.000640s ] mysql:host=localhost;port=8889;dbname=intermis;charset=utf8
[ sql ] [ SQL ] SHOW COLUMNS FROM `country` [ RunTime:0.011068s ]
[ sql ] [ SQL ] SELECT * FROM `country` [ RunTime:0.000709s ]
[ sql ] [ SQL ] SHOW COLUMNS FROM `language` [ RunTime:0.003351s ]
[ sql ] [ SQL ] SELECT * FROM `language` [ RunTime:0.000401s ]
[ sql ] [ SQL ] SHOW COLUMNS FROM `religion` [ RunTime:0.002820s ]
[ sql ] [ SQL ] SELECT * FROM `religion` [ RunTime:0.000385s ]
[ error ] [0]语法解析错误: syntax error, unexpected ':'[/Users/liuyang/intermis/tp5/runtime/temp/a107fdd50b7d34eb8655e3cb0f0fdd96.php:279]
---------------------------------------------------------------
[ 2018-03-25T10:53:04+08:00 ] 0.0.0.0 GET /student.php/student/st/fill
[ info ] tp5.com/student.php/student/st/fill [运行时间：0.119348s][吞吐率：8.38req/s] [内存消耗：2,639.63kb] [文件加载：77]
[ info ] [ LANG ] /Users/liuyang/intermis/tp5/thinkphp/lang/zh-cn.php
[ info ] [ ROUTE ] array (
)
[ info ] [ HEADER ] array (
  'host' => 'tp5.com',
  'connection' => 'keep-alive',
  'cache-control' => 'max-age=0',
  'upgrade-insecure-requests' => '1',
  'user-agent' => 'Mozilla/5.0 (Macintosh; Intel Mac OS X 10_13_3) AppleWebKit/537.36 (KHTML, like Gecko) Chrome/65.0.3325.181 Safari/537.36',
  'accept' => 'text/html,application/xhtml+xml,application/xml;q=0.9,image/webp,image/apng,*/*;q=0.8',
  'accept-encoding' => 'gzip, deflate',
  'accept-language' => 'zh-CN,zh;q=0.9',
  'cookie' => 'pgv_pvi=9845039104; pgv_si=s5432290304',
)
[ info ] [ PARAM ] array (
)
[ info ] [ DB ] INIT mysql
[ info ] [ VIEW ] /Users/liuyang/intermis/tp5/application/student/view/st/fill.html [ array (
  0 => 'country',
  1 => 'lang',
  2 => 're',
) ]
[ info ] [ LOG ] INIT File
[ sql ] [ DB ] CONNECT:[ UseTime:0.000571s ] mysql:host=localhost;port=8889;dbname=intermis;charset=utf8
[ sql ] [ SQL ] SHOW COLUMNS FROM `country` [ RunTime:0.002599s ]
[ sql ] [ SQL ] SELECT * FROM `country` [ RunTime:0.000413s ]
[ sql ] [ SQL ] SHOW COLUMNS FROM `language` [ RunTime:0.002890s ]
[ sql ] [ SQL ] SELECT * FROM `language` [ RunTime:0.000403s ]
[ sql ] [ SQL ] SHOW COLUMNS FROM `religion` [ RunTime:0.002800s ]
[ sql ] [ SQL ] SELECT * FROM `religion` [ RunTime:0.000468s ]
[ error ] [0]语法解析错误: syntax error, unexpected '.'[/Users/liuyang/intermis/tp5/runtime/temp/a107fdd50b7d34eb8655e3cb0f0fdd96.php:279]
---------------------------------------------------------------
[ 2018-03-25T11:00:57+08:00 ] 0.0.0.0 GET /student.php/student/st/fill
[ info ] tp5.com/student.php/student/st/fill [运行时间：0.118704s][吞吐率：8.42req/s] [内存消耗：2,702.68kb] [文件加载：81]
[ info ] [ LANG ] /Users/liuyang/intermis/tp5/thinkphp/lang/zh-cn.php
[ info ] [ ROUTE ] array (
)
[ info ] [ HEADER ] array (
  'host' => 'tp5.com',
  'connection' => 'keep-alive',
  'cache-control' => 'max-age=0',
  'upgrade-insecure-requests' => '1',
  'user-agent' => 'Mozilla/5.0 (Macintosh; Intel Mac OS X 10_13_3) AppleWebKit/537.36 (KHTML, like Gecko) Chrome/65.0.3325.181 Safari/537.36',
  'accept' => 'text/html,application/xhtml+xml,application/xml;q=0.9,image/webp,image/apng,*/*;q=0.8',
  'accept-encoding' => 'gzip, deflate',
  'accept-language' => 'zh-CN,zh;q=0.9',
  'cookie' => 'pgv_pvi=9845039104; pgv_si=s5432290304',
)
[ info ] [ PARAM ] array (
)
[ info ] [ DB ] INIT mysql
[ info ] [ VIEW ] /Users/liuyang/intermis/tp5/application/student/view/st/fill.html [ array (
  0 => 'country',
  1 => 'lang',
  2 => 're',
) ]
[ info ] [ LOG ] INIT File
[ sql ] [ DB ] CONNECT:[ UseTime:0.000443s ] mysql:host=localhost;port=8889;dbname=intermis;charset=utf8
[ sql ] [ SQL ] SHOW COLUMNS FROM `country` [ RunTime:0.004266s ]
[ sql ] [ SQL ] SELECT * FROM `country` [ RunTime:0.000408s ]
[ sql ] [ SQL ] SHOW COLUMNS FROM `language` [ RunTime:0.003231s ]
[ sql ] [ SQL ] SELECT * FROM `language` [ RunTime:0.000435s ]
[ sql ] [ SQL ] SHOW COLUMNS FROM `religion` [ RunTime:0.002687s ]
[ sql ] [ SQL ] SELECT * FROM `religion` [ RunTime:0.000377s ]
[ error ] [8]未定义变量: data[/Users/liuyang/intermis/tp5/runtime/temp/a107fdd50b7d34eb8655e3cb0f0fdd96.php:279]
---------------------------------------------------------------
[ 2018-03-25T11:04:38+08:00 ] 0.0.0.0 GET /
[ info ] tp5.com/ [运行时间：0.043702s][吞吐率：22.88req/s] [内存消耗：938.88kb] [文件加载：47]
[ info ] [ LANG ] /Users/liuyang/intermis/tp5/thinkphp/lang/zh-cn.php
[ info ] [ ROUTE ] array (
)
[ info ] [ HEADER ] array (
  'host' => 'tp5.com',
  'accept' => 'text/html,application/xhtml+xml,application/xml;q=0.9,*/*;q=0.8',
  'upgrade-insecure-requests' => '1',
  'cookie' => 'pgv_si=s8667842560; pgv_pvi=5340116992',
  'user-agent' => 'Mozilla/5.0 (Macintosh; Intel Mac OS X 10_13_3) AppleWebKit/604.5.6 (KHTML, like Gecko) Version/11.0.3 Safari/604.5.6',
  'accept-language' => 'zh-cn',
  'accept-encoding' => 'gzip, deflate',
  'connection' => 'keep-alive',
)
[ info ] [ PARAM ] array (
)
[ info ] [ LOG ] INIT File
---------------------------------------------------------------
[ 2018-03-25T11:04:44+08:00 ] 0.0.0.0 GET /student.php/student/st/fill
[ info ] tp5.com/student.php/student/st/fill [运行时间：0.117901s][吞吐率：8.48req/s] [内存消耗：2,702.22kb] [文件加载：81]
[ info ] [ LANG ] /Users/liuyang/intermis/tp5/thinkphp/lang/zh-cn.php
[ info ] [ ROUTE ] array (
)
[ info ] [ HEADER ] array (
  'host' => 'tp5.com',
  'accept' => 'text/html,application/xhtml+xml,application/xml;q=0.9,*/*;q=0.8',
  'upgrade-insecure-requests' => '1',
  'cookie' => 'pgv_si=s8667842560; pgv_pvi=5340116992',
  'user-agent' => 'Mozilla/5.0 (Macintosh; Intel Mac OS X 10_13_3) AppleWebKit/604.5.6 (KHTML, like Gecko) Version/11.0.3 Safari/604.5.6',
  'accept-language' => 'zh-cn',
  'accept-encoding' => 'gzip, deflate',
  'connection' => 'keep-alive',
)
[ info ] [ PARAM ] array (
)
[ info ] [ DB ] INIT mysql
[ info ] [ VIEW ] /Users/liuyang/intermis/tp5/application/student/view/st/fill.html [ array (
  0 => 'country',
  1 => 'lang',
  2 => 're',
) ]
[ info ] [ LOG ] INIT File
[ sql ] [ DB ] CONNECT:[ UseTime:0.000596s ] mysql:host=localhost;port=8889;dbname=intermis;charset=utf8
[ sql ] [ SQL ] SHOW COLUMNS FROM `country` [ RunTime:0.003062s ]
[ sql ] [ SQL ] SELECT * FROM `country` [ RunTime:0.000458s ]
[ sql ] [ SQL ] SHOW COLUMNS FROM `language` [ RunTime:0.003626s ]
[ sql ] [ SQL ] SELECT * FROM `language` [ RunTime:0.000467s ]
[ sql ] [ SQL ] SHOW COLUMNS FROM `religion` [ RunTime:0.002648s ]
[ sql ] [ SQL ] SELECT * FROM `religion` [ RunTime:0.000365s ]
[ error ] [8]未定义变量: data[/Users/liuyang/intermis/tp5/runtime/temp/a107fdd50b7d34eb8655e3cb0f0fdd96.php:279]
---------------------------------------------------------------
[ 2018-03-25T21:29:29+08:00 ] 0.0.0.0 GET /student.php/student/st/fill
[ info ] tp5.com/student.php/student/st/fill [运行时间：0.342497s][吞吐率：2.92req/s] [内存消耗：2,703.23kb] [文件加载：81]
[ info ] [ LANG ] /Users/liuyang/intermis/tp5/thinkphp/lang/zh-cn.php
[ info ] [ ROUTE ] array (
)
[ info ] [ HEADER ] array (
  'host' => 'tp5.com',
  'connection' => 'keep-alive',
  'cache-control' => 'max-age=0',
  'upgrade-insecure-requests' => '1',
  'user-agent' => 'Mozilla/5.0 (Macintosh; Intel Mac OS X 10_13_3) AppleWebKit/537.36 (KHTML, like Gecko) Chrome/65.0.3325.181 Safari/537.36',
  'accept' => 'text/html,application/xhtml+xml,application/xml;q=0.9,image/webp,image/apng,*/*;q=0.8',
  'accept-encoding' => 'gzip, deflate',
  'accept-language' => 'zh-CN,zh;q=0.9',
  'cookie' => 'pgv_pvi=9845039104; pgv_si=s5432290304',
)
[ info ] [ PARAM ] array (
)
[ info ] [ DB ] INIT mysql
[ info ] [ VIEW ] /Users/liuyang/intermis/tp5/application/student/view/st/fill.html [ array (
  0 => 'country',
  1 => 'lang',
  2 => 're',
) ]
[ info ] [ LOG ] INIT File
[ sql ] [ DB ] CONNECT:[ UseTime:0.039532s ] mysql:host=localhost;port=8889;dbname=intermis;charset=utf8
[ sql ] [ SQL ] SHOW COLUMNS FROM `country` [ RunTime:0.105600s ]
[ sql ] [ SQL ] SELECT * FROM `country` [ RunTime:0.033557s ]
[ sql ] [ SQL ] SHOW COLUMNS FROM `language` [ RunTime:0.006978s ]
[ sql ] [ SQL ] SELECT * FROM `language` [ RunTime:0.001202s ]
[ sql ] [ SQL ] SHOW COLUMNS FROM `religion` [ RunTime:0.006747s ]
[ sql ] [ SQL ] SELECT * FROM `religion` [ RunTime:0.000699s ]
[ error ] [8]未定义变量: data[/Users/liuyang/intermis/tp5/runtime/temp/a107fdd50b7d34eb8655e3cb0f0fdd96.php:280]
---------------------------------------------------------------
[ 2018-03-25T21:30:39+08:00 ] 0.0.0.0 GET /student.php/student/st/fill
[ info ] tp5.com/student.php/student/st/fill [运行时间：0.067083s][吞吐率：14.91req/s] [内存消耗：2,544.18kb] [文件加载：79]
[ info ] [ LANG ] /Users/liuyang/intermis/tp5/thinkphp/lang/zh-cn.php
[ info ] [ ROUTE ] array (
)
[ info ] [ HEADER ] array (
  'host' => 'tp5.com',
  'connection' => 'keep-alive',
  'cache-control' => 'max-age=0',
  'upgrade-insecure-requests' => '1',
  'user-agent' => 'Mozilla/5.0 (Macintosh; Intel Mac OS X 10_13_3) AppleWebKit/537.36 (KHTML, like Gecko) Chrome/65.0.3325.181 Safari/537.36',
  'accept' => 'text/html,application/xhtml+xml,application/xml;q=0.9,image/webp,image/apng,*/*;q=0.8',
  'accept-encoding' => 'gzip, deflate',
  'accept-language' => 'zh-CN,zh;q=0.9',
  'cookie' => 'pgv_pvi=9845039104; pgv_si=s5432290304',
)
[ info ] [ PARAM ] array (
)
[ info ] [ DB ] INIT mysql
[ info ] [ VIEW ] /Users/liuyang/intermis/tp5/application/student/view/st/fill.html [ array (
  0 => 'country',
  1 => 'lang',
  2 => 're',
) ]
[ info ] [ LOG ] INIT File
[ sql ] [ DB ] CONNECT:[ UseTime:0.001577s ] mysql:host=localhost;port=8889;dbname=intermis;charset=utf8
[ sql ] [ SQL ] SHOW COLUMNS FROM `country` [ RunTime:0.002918s ]
[ sql ] [ SQL ] SELECT * FROM `country` [ RunTime:0.000421s ]
[ sql ] [ SQL ] SHOW COLUMNS FROM `language` [ RunTime:0.003275s ]
[ sql ] [ SQL ] SELECT * FROM `language` [ RunTime:0.000393s ]
[ sql ] [ SQL ] SHOW COLUMNS FROM `religion` [ RunTime:0.002986s ]
[ sql ] [ SQL ] SELECT * FROM `religion` [ RunTime:0.000434s ]
[ error ] [8]未定义变量: data[/Users/liuyang/intermis/tp5/runtime/temp/a107fdd50b7d34eb8655e3cb0f0fdd96.php:280]
---------------------------------------------------------------
[ 2018-03-25T21:30:41+08:00 ] 0.0.0.0 GET /student.php/student/st/fill
[ info ] tp5.com/student.php/student/st/fill [运行时间：0.072679s][吞吐率：13.76req/s] [内存消耗：2,544.18kb] [文件加载：79]
[ info ] [ LANG ] /Users/liuyang/intermis/tp5/thinkphp/lang/zh-cn.php
[ info ] [ ROUTE ] array (
)
[ info ] [ HEADER ] array (
  'host' => 'tp5.com',
  'connection' => 'keep-alive',
  'cache-control' => 'max-age=0',
  'upgrade-insecure-requests' => '1',
  'user-agent' => 'Mozilla/5.0 (Macintosh; Intel Mac OS X 10_13_3) AppleWebKit/537.36 (KHTML, like Gecko) Chrome/65.0.3325.181 Safari/537.36',
  'accept' => 'text/html,application/xhtml+xml,application/xml;q=0.9,image/webp,image/apng,*/*;q=0.8',
  'accept-encoding' => 'gzip, deflate',
  'accept-language' => 'zh-CN,zh;q=0.9',
  'cookie' => 'pgv_pvi=9845039104; pgv_si=s5432290304',
)
[ info ] [ PARAM ] array (
)
[ info ] [ DB ] INIT mysql
[ info ] [ VIEW ] /Users/liuyang/intermis/tp5/application/student/view/st/fill.html [ array (
  0 => 'country',
  1 => 'lang',
  2 => 're',
) ]
[ info ] [ LOG ] INIT File
[ sql ] [ DB ] CONNECT:[ UseTime:0.000537s ] mysql:host=localhost;port=8889;dbname=intermis;charset=utf8
[ sql ] [ SQL ] SHOW COLUMNS FROM `country` [ RunTime:0.003879s ]
[ sql ] [ SQL ] SELECT * FROM `country` [ RunTime:0.000406s ]
[ sql ] [ SQL ] SHOW COLUMNS FROM `language` [ RunTime:0.003242s ]
[ sql ] [ SQL ] SELECT * FROM `language` [ RunTime:0.000407s ]
[ sql ] [ SQL ] SHOW COLUMNS FROM `religion` [ RunTime:0.002840s ]
[ sql ] [ SQL ] SELECT * FROM `religion` [ RunTime:0.000382s ]
[ error ] [8]未定义变量: data[/Users/liuyang/intermis/tp5/runtime/temp/a107fdd50b7d34eb8655e3cb0f0fdd96.php:280]
---------------------------------------------------------------
[ 2018-03-25T21:31:21+08:00 ] 0.0.0.0 GET /student.php/student/st/fill
[ info ] tp5.com/student.php/student/st/fill [运行时间：0.066272s][吞吐率：15.09req/s] [内存消耗：2,658.98kb] [文件加载：78]
[ info ] [ LANG ] /Users/liuyang/intermis/tp5/thinkphp/lang/zh-cn.php
[ info ] [ ROUTE ] array (
)
[ info ] [ HEADER ] array (
  'host' => 'tp5.com',
  'connection' => 'keep-alive',
  'cache-control' => 'max-age=0',
  'upgrade-insecure-requests' => '1',
  'user-agent' => 'Mozilla/5.0 (Macintosh; Intel Mac OS X 10_13_3) AppleWebKit/537.36 (KHTML, like Gecko) Chrome/65.0.3325.181 Safari/537.36',
  'accept' => 'text/html,application/xhtml+xml,application/xml;q=0.9,image/webp,image/apng,*/*;q=0.8',
  'accept-encoding' => 'gzip, deflate',
  'accept-language' => 'zh-CN,zh;q=0.9',
  'cookie' => 'pgv_pvi=9845039104; pgv_si=s5432290304',
)
[ info ] [ PARAM ] array (
)
[ info ] [ DB ] INIT mysql
[ info ] [ VIEW ] /Users/liuyang/intermis/tp5/application/student/view/st/fill.html [ array (
  0 => 'country',
  1 => 'lang',
  2 => 're',
) ]
[ info ] [ LOG ] INIT File
[ sql ] [ DB ] CONNECT:[ UseTime:0.000582s ] mysql:host=localhost;port=8889;dbname=intermis;charset=utf8
[ sql ] [ SQL ] SHOW COLUMNS FROM `country` [ RunTime:0.002947s ]
[ sql ] [ SQL ] SELECT * FROM `country` [ RunTime:0.000471s ]
[ sql ] [ SQL ] SHOW COLUMNS FROM `language` [ RunTime:0.003330s ]
[ sql ] [ SQL ] SELECT * FROM `language` [ RunTime:0.000454s ]
[ sql ] [ SQL ] SHOW COLUMNS FROM `religion` [ RunTime:0.003111s ]
[ sql ] [ SQL ] SELECT * FROM `religion` [ RunTime:0.000434s ]
---------------------------------------------------------------
[ 2018-03-25T21:31:29+08:00 ] 0.0.0.0 POST /student.php/student/st/insert.html
[ info ] tp5.com/student.php/student/st/insert.html [运行时间：0.091265s][吞吐率：10.96req/s] [内存消耗：2,334.97kb] [文件加载：70]
[ info ] [ LANG ] /Users/liuyang/intermis/tp5/thinkphp/lang/zh-cn.php
[ info ] [ ROUTE ] array (
)
[ info ] [ HEADER ] array (
  'host' => 'tp5.com',
  'connection' => 'keep-alive',
  'content-length' => '216',
  'accept' => '*/*',
  'origin' => 'http://tp5.com',
  'x-requested-with' => 'XMLHttpRequest',
  'user-agent' => 'Mozilla/5.0 (Macintosh; Intel Mac OS X 10_13_3) AppleWebKit/537.36 (KHTML, like Gecko) Chrome/65.0.3325.181 Safari/537.36',
  'content-type' => 'application/x-www-form-urlencoded; charset=UTF-8',
  'referer' => 'http://tp5.com/student.php/student/st/fill',
  'accept-encoding' => 'gzip, deflate',
  'accept-language' => 'zh-CN,zh;q=0.9',
  'cookie' => 'pgv_pvi=9845039104; pgv_si=s5432290304',
)
[ info ] [ PARAM ] array (
  'hzx' => 'hzm',
  'hzm' => '',
  'zwxm' => '',
  'gj' => '阿富汗',
  'csrq' => '',
  'csgj' => '阿富汗',
  'csdd' => '',
  'my' => '英语',
  'zhxl' => '英语',
  'zjxy' => '道教',
  'gzdw' => '',
  'zy' => '英语',
  'jkzk' => '',
  'tcah' => '',
  'hzhm' => '',
  'hzdq' => '',
)
[ info ] [ DB ] INIT mysql
[ info ] [ LOG ] INIT File
[ sql ] [ DB ] CONNECT:[ UseTime:0.000568s ] mysql:host=localhost;port=8889;dbname=intermis;charset=utf8
[ sql ] [ SQL ] SHOW COLUMNS FROM `student` [ RunTime:0.003646s ]
[ sql ] [ SQL ] INSERT INTO `student` (`hzx` , `hzm` , `zwxm` , `gj` , `csrq` , `csgj` , `csdd` , `my` , `zhxl` , `zjxy` , `gzdw` , `zy` , `jkzk` , `tcah` , `hzhm` , `hzdq`) VALUES ('hzm' , '' , '' , '阿富汗' , '' , '阿富汗' , '' , '英语' , '英语' , '道教' , '' , '英语' , '' , '' , '' , '') [ RunTime:0.029217s ]
---------------------------------------------------------------
[ 2018-03-25T21:32:22+08:00 ] 0.0.0.0 GET /student.php/student/st/fill
[ info ] tp5.com/student.php/student/st/fill [运行时间：0.061413s][吞吐率：16.28req/s] [内存消耗：2,658.81kb] [文件加载：78]
[ info ] [ LANG ] /Users/liuyang/intermis/tp5/thinkphp/lang/zh-cn.php
[ info ] [ ROUTE ] array (
)
[ info ] [ HEADER ] array (
  'host' => 'tp5.com',
  'connection' => 'keep-alive',
  'cache-control' => 'max-age=0',
  'upgrade-insecure-requests' => '1',
  'user-agent' => 'Mozilla/5.0 (Macintosh; Intel Mac OS X 10_13_3) AppleWebKit/537.36 (KHTML, like Gecko) Chrome/65.0.3325.181 Safari/537.36',
  'accept' => 'text/html,application/xhtml+xml,application/xml;q=0.9,image/webp,image/apng,*/*;q=0.8',
  'accept-encoding' => 'gzip, deflate',
  'accept-language' => 'zh-CN,zh;q=0.9',
  'cookie' => 'pgv_pvi=9845039104; pgv_si=s5432290304',
)
[ info ] [ PARAM ] array (
)
[ info ] [ DB ] INIT mysql
[ info ] [ VIEW ] /Users/liuyang/intermis/tp5/application/student/view/st/fill.html [ array (
  0 => 'country',
  1 => 'lang',
  2 => 're',
) ]
[ info ] [ LOG ] INIT File
[ sql ] [ DB ] CONNECT:[ UseTime:0.000358s ] mysql:host=localhost;port=8889;dbname=intermis;charset=utf8
[ sql ] [ SQL ] SHOW COLUMNS FROM `country` [ RunTime:0.004108s ]
[ sql ] [ SQL ] SELECT * FROM `country` [ RunTime:0.000405s ]
[ sql ] [ SQL ] SHOW COLUMNS FROM `language` [ RunTime:0.002940s ]
[ sql ] [ SQL ] SELECT * FROM `language` [ RunTime:0.000394s ]
[ sql ] [ SQL ] SHOW COLUMNS FROM `religion` [ RunTime:0.003087s ]
[ sql ] [ SQL ] SELECT * FROM `religion` [ RunTime:0.000380s ]
---------------------------------------------------------------
[ 2018-03-25T21:32:25+08:00 ] 0.0.0.0 POST /student.php/student/st/insert.html
[ info ] tp5.com/student.php/student/st/insert.html [运行时间：0.054884s][吞吐率：18.22req/s] [内存消耗：2,334.80kb] [文件加载：70]
[ info ] [ LANG ] /Users/liuyang/intermis/tp5/thinkphp/lang/zh-cn.php
[ info ] [ ROUTE ] array (
)
[ info ] [ HEADER ] array (
  'host' => 'tp5.com',
  'connection' => 'keep-alive',
  'content-length' => '217',
  'accept' => '*/*',
  'origin' => 'http://tp5.com',
  'x-requested-with' => 'XMLHttpRequest',
  'user-agent' => 'Mozilla/5.0 (Macintosh; Intel Mac OS X 10_13_3) AppleWebKit/537.36 (KHTML, like Gecko) Chrome/65.0.3325.181 Safari/537.36',
  'content-type' => 'application/x-www-form-urlencoded; charset=UTF-8',
  'referer' => 'http://tp5.com/student.php/student/st/fill',
  'accept-encoding' => 'gzip, deflate',
  'accept-language' => 'zh-CN,zh;q=0.9',
  'cookie' => 'pgv_pvi=9845039104; pgv_si=s5432290304',
)
[ info ] [ PARAM ] array (
  'hzx' => 'asdf',
  'hzm' => '',
  'zwxm' => '',
  'gj' => '阿富汗',
  'csrq' => '',
  'csgj' => '阿富汗',
  'csdd' => '',
  'my' => '英语',
  'zhxl' => '英语',
  'zjxy' => '道教',
  'gzdw' => '',
  'zy' => '英语',
  'jkzk' => '',
  'tcah' => '',
  'hzhm' => '',
  'hzdq' => '',
)
[ info ] [ DB ] INIT mysql
[ info ] [ LOG ] INIT File
[ sql ] [ DB ] CONNECT:[ UseTime:0.000369s ] mysql:host=localhost;port=8889;dbname=intermis;charset=utf8
[ sql ] [ SQL ] SHOW COLUMNS FROM `student` [ RunTime:0.005619s ]
[ sql ] [ SQL ] INSERT INTO `student` (`hzx` , `hzm` , `zwxm` , `gj` , `csrq` , `csgj` , `csdd` , `my` , `zhxl` , `zjxy` , `gzdw` , `zy` , `jkzk` , `tcah` , `hzhm` , `hzdq`) VALUES ('asdf' , '' , '' , '阿富汗' , '' , '阿富汗' , '' , '英语' , '英语' , '道教' , '' , '英语' , '' , '' , '' , '') [ RunTime:0.000908s ]
---------------------------------------------------------------
[ 2018-03-25T21:35:21+08:00 ] 0.0.0.0 GET /student.php/student/st/fill
[ info ] tp5.com/student.php/student/st/fill [运行时间：0.055484s][吞吐率：18.02req/s] [内存消耗：2,500.02kb] [文件加载：76]
[ info ] [ LANG ] /Users/liuyang/intermis/tp5/thinkphp/lang/zh-cn.php
[ info ] [ ROUTE ] array (
)
[ info ] [ HEADER ] array (
  'host' => 'tp5.com',
  'connection' => 'keep-alive',
  'cache-control' => 'max-age=0',
  'upgrade-insecure-requests' => '1',
  'user-agent' => 'Mozilla/5.0 (Macintosh; Intel Mac OS X 10_13_3) AppleWebKit/537.36 (KHTML, like Gecko) Chrome/65.0.3325.181 Safari/537.36',
  'accept' => 'text/html,application/xhtml+xml,application/xml;q=0.9,image/webp,image/apng,*/*;q=0.8',
  'accept-encoding' => 'gzip, deflate',
  'accept-language' => 'zh-CN,zh;q=0.9',
  'cookie' => 'pgv_pvi=9845039104; pgv_si=s5432290304',
)
[ info ] [ PARAM ] array (
)
[ info ] [ DB ] INIT mysql
[ info ] [ VIEW ] /Users/liuyang/intermis/tp5/application/student/view/st/fill.html [ array (
  0 => 'country',
  1 => 'lang',
  2 => 're',
) ]
[ info ] [ LOG ] INIT File
[ sql ] [ DB ] CONNECT:[ UseTime:0.000506s ] mysql:host=localhost;port=8889;dbname=intermis;charset=utf8
[ sql ] [ SQL ] SHOW COLUMNS FROM `country` [ RunTime:0.004805s ]
[ sql ] [ SQL ] SELECT * FROM `country` [ RunTime:0.000409s ]
[ sql ] [ SQL ] SHOW COLUMNS FROM `language` [ RunTime:0.003006s ]
[ sql ] [ SQL ] SELECT * FROM `language` [ RunTime:0.000383s ]
[ sql ] [ SQL ] SHOW COLUMNS FROM `religion` [ RunTime:0.002763s ]
[ sql ] [ SQL ] SELECT * FROM `religion` [ RunTime:0.000388s ]
---------------------------------------------------------------
[ 2018-03-25T21:35:25+08:00 ] 0.0.0.0 POST /student.php/student/st/insert.html
[ info ] tp5.com/student.php/student/st/insert.html [运行时间：0.053575s][吞吐率：18.67req/s] [内存消耗：2,335.01kb] [文件加载：70]
[ info ] [ LANG ] /Users/liuyang/intermis/tp5/thinkphp/lang/zh-cn.php
[ info ] [ ROUTE ] array (
)
[ info ] [ HEADER ] array (
  'host' => 'tp5.com',
  'connection' => 'keep-alive',
  'content-length' => '220',
  'accept' => '*/*',
  'origin' => 'http://tp5.com',
  'x-requested-with' => 'XMLHttpRequest',
  'user-agent' => 'Mozilla/5.0 (Macintosh; Intel Mac OS X 10_13_3) AppleWebKit/537.36 (KHTML, like Gecko) Chrome/65.0.3325.181 Safari/537.36',
  'content-type' => 'application/x-www-form-urlencoded; charset=UTF-8',
  'referer' => 'http://tp5.com/student.php/student/st/fill',
  'accept-encoding' => 'gzip, deflate',
  'accept-language' => 'zh-CN,zh;q=0.9',
  'cookie' => 'pgv_pvi=9845039104; pgv_si=s5432290304',
)
[ info ] [ PARAM ] array (
  'hzx' => 'adfasdf',
  'hzm' => '',
  'zwxm' => '',
  'gj' => '阿富汗',
  'csrq' => '',
  'csgj' => '阿富汗',
  'csdd' => '',
  'my' => '英语',
  'zhxl' => '英语',
  'zjxy' => '道教',
  'gzdw' => '',
  'zy' => '英语',
  'jkzk' => '',
  'tcah' => '',
  'hzhm' => '',
  'hzdq' => '',
)
[ info ] [ DB ] INIT mysql
[ info ] [ LOG ] INIT File
[ sql ] [ DB ] CONNECT:[ UseTime:0.002383s ] mysql:host=localhost;port=8889;dbname=intermis;charset=utf8
[ sql ] [ SQL ] SHOW COLUMNS FROM `student` [ RunTime:0.003061s ]
[ sql ] [ SQL ] INSERT INTO `student` (`hzx` , `hzm` , `zwxm` , `gj` , `csrq` , `csgj` , `csdd` , `my` , `zhxl` , `zjxy` , `gzdw` , `zy` , `jkzk` , `tcah` , `hzhm` , `hzdq`) VALUES ('adfasdf' , '' , '' , '阿富汗' , '' , '阿富汗' , '' , '英语' , '英语' , '道教' , '' , '英语' , '' , '' , '' , '') [ RunTime:0.000920s ]
---------------------------------------------------------------
[ 2018-03-25T21:54:41+08:00 ] 0.0.0.0 GET /student.php/student/st/fill
[ info ] tp5.com/student.php/student/st/fill [运行时间：0.096626s][吞吐率：10.35req/s] [内存消耗：2,658.52kb] [文件加载：78]
[ info ] [ LANG ] /Users/liuyang/intermis/tp5/thinkphp/lang/zh-cn.php
[ info ] [ ROUTE ] array (
)
[ info ] [ HEADER ] array (
  'host' => 'tp5.com',
  'connection' => 'keep-alive',
  'cache-control' => 'max-age=0',
  'upgrade-insecure-requests' => '1',
  'user-agent' => 'Mozilla/5.0 (Macintosh; Intel Mac OS X 10_13_3) AppleWebKit/537.36 (KHTML, like Gecko) Chrome/65.0.3325.181 Safari/537.36',
  'accept' => 'text/html,application/xhtml+xml,application/xml;q=0.9,image/webp,image/apng,*/*;q=0.8',
  'accept-encoding' => 'gzip, deflate',
  'accept-language' => 'zh-CN,zh;q=0.9',
  'cookie' => 'pgv_pvi=9845039104; pgv_si=s5432290304',
)
[ info ] [ PARAM ] array (
)
[ info ] [ DB ] INIT mysql
[ info ] [ VIEW ] /Users/liuyang/intermis/tp5/application/student/view/st/fill.html [ array (
  0 => 'country',
  1 => 'lang',
  2 => 're',
) ]
[ info ] [ LOG ] INIT File
[ sql ] [ DB ] CONNECT:[ UseTime:0.000611s ] mysql:host=localhost;port=8889;dbname=intermis;charset=utf8
[ sql ] [ SQL ] SHOW COLUMNS FROM `country` [ RunTime:0.004256s ]
[ sql ] [ SQL ] SELECT * FROM `country` [ RunTime:0.000462s ]
[ sql ] [ SQL ] SHOW COLUMNS FROM `language` [ RunTime:0.003449s ]
[ sql ] [ SQL ] SELECT * FROM `language` [ RunTime:0.000594s ]
[ sql ] [ SQL ] SHOW COLUMNS FROM `religion` [ RunTime:0.002304s ]
[ sql ] [ SQL ] SELECT * FROM `religion` [ RunTime:0.000417s ]
---------------------------------------------------------------
[ 2018-03-25T21:54:45+08:00 ] 0.0.0.0 POST /student.php/student/st/insert.html
[ info ] tp5.com/student.php/student/st/insert.html [运行时间：0.055213s][吞吐率：18.11req/s] [内存消耗：2,383.45kb] [文件加载：72]
[ info ] [ LANG ] /Users/liuyang/intermis/tp5/thinkphp/lang/zh-cn.php
[ info ] [ ROUTE ] array (
)
[ info ] [ HEADER ] array (
  'host' => 'tp5.com',
  'connection' => 'keep-alive',
  'content-length' => '216',
  'accept' => '*/*',
  'origin' => 'http://tp5.com',
  'x-requested-with' => 'XMLHttpRequest',
  'user-agent' => 'Mozilla/5.0 (Macintosh; Intel Mac OS X 10_13_3) AppleWebKit/537.36 (KHTML, like Gecko) Chrome/65.0.3325.181 Safari/537.36',
  'content-type' => 'application/x-www-form-urlencoded; charset=UTF-8',
  'referer' => 'http://tp5.com/student.php/student/st/fill',
  'accept-encoding' => 'gzip, deflate',
  'accept-language' => 'zh-CN,zh;q=0.9',
  'cookie' => 'pgv_pvi=9845039104; pgv_si=s5432290304',
)
[ info ] [ PARAM ] array (
  'hzx' => 'adf',
  'hzm' => '',
  'zwxm' => '',
  'gj' => '阿富汗',
  'csrq' => '',
  'csgj' => '阿富汗',
  'csdd' => '',
  'my' => '英语',
  'zhxl' => '英语',
  'zjxy' => '道教',
  'gzdw' => '',
  'zy' => '英语',
  'jkzk' => '',
  'tcah' => '',
  'hzhm' => '',
  'hzdq' => '',
)
[ info ] [ DB ] INIT mysql
[ info ] [ LOG ] INIT File
[ sql ] [ DB ] CONNECT:[ UseTime:0.000443s ] mysql:host=localhost;port=8889;dbname=intermis;charset=utf8
[ sql ] [ SQL ] SHOW COLUMNS FROM `student` [ RunTime:0.003070s ]
[ sql ] [ SQL ] INSERT INTO `student` (`hzx` , `hzm` , `zwxm` , `gj` , `csrq` , `csgj` , `csdd` , `my` , `zhxl` , `zjxy` , `gzdw` , `zy` , `jkzk` , `tcah` , `hzhm` , `hzdq`) VALUES ('adf' , '' , '' , '阿富汗' , '' , '阿富汗' , '' , '英语' , '英语' , '道教' , '' , '英语' , '' , '' , '' , '') [ RunTime:0.001731s ]
---------------------------------------------------------------
[ 2018-03-25T21:55:03+08:00 ] 0.0.0.0 GET /student.php/student/st/fill
[ info ] tp5.com/student.php/student/st/fill [运行时间：0.057839s][吞吐率：17.29req/s] [内存消耗：2,499.48kb] [文件加载：76]
[ info ] [ LANG ] /Users/liuyang/intermis/tp5/thinkphp/lang/zh-cn.php
[ info ] [ ROUTE ] array (
)
[ info ] [ HEADER ] array (
  'host' => 'tp5.com',
  'connection' => 'keep-alive',
  'cache-control' => 'max-age=0',
  'upgrade-insecure-requests' => '1',
  'user-agent' => 'Mozilla/5.0 (Macintosh; Intel Mac OS X 10_13_3) AppleWebKit/537.36 (KHTML, like Gecko) Chrome/65.0.3325.181 Safari/537.36',
  'accept' => 'text/html,application/xhtml+xml,application/xml;q=0.9,image/webp,image/apng,*/*;q=0.8',
  'accept-encoding' => 'gzip, deflate',
  'accept-language' => 'zh-CN,zh;q=0.9',
  'cookie' => 'pgv_pvi=9845039104; pgv_si=s5432290304',
)
[ info ] [ PARAM ] array (
)
[ info ] [ DB ] INIT mysql
[ info ] [ VIEW ] /Users/liuyang/intermis/tp5/application/student/view/st/fill.html [ array (
  0 => 'country',
  1 => 'lang',
  2 => 're',
) ]
[ info ] [ LOG ] INIT File
[ sql ] [ DB ] CONNECT:[ UseTime:0.002682s ] mysql:host=localhost;port=8889;dbname=intermis;charset=utf8
[ sql ] [ SQL ] SHOW COLUMNS FROM `country` [ RunTime:0.002807s ]
[ sql ] [ SQL ] SELECT * FROM `country` [ RunTime:0.000416s ]
[ sql ] [ SQL ] SHOW COLUMNS FROM `language` [ RunTime:0.002894s ]
[ sql ] [ SQL ] SELECT * FROM `language` [ RunTime:0.000394s ]
[ sql ] [ SQL ] SHOW COLUMNS FROM `religion` [ RunTime:0.002846s ]
[ sql ] [ SQL ] SELECT * FROM `religion` [ RunTime:0.000407s ]
---------------------------------------------------------------
[ 2018-03-25T21:55:06+08:00 ] 0.0.0.0 POST /student.php/student/st/insert.html
[ info ] tp5.com/student.php/student/st/insert.html [运行时间：0.060680s][吞吐率：16.48req/s] [内存消耗：2,383.40kb] [文件加载：72]
[ info ] [ LANG ] /Users/liuyang/intermis/tp5/thinkphp/lang/zh-cn.php
[ info ] [ ROUTE ] array (
)
[ info ] [ HEADER ] array (
  'host' => 'tp5.com',
  'connection' => 'keep-alive',
  'content-length' => '216',
  'accept' => '*/*',
  'origin' => 'http://tp5.com',
  'x-requested-with' => 'XMLHttpRequest',
  'user-agent' => 'Mozilla/5.0 (Macintosh; Intel Mac OS X 10_13_3) AppleWebKit/537.36 (KHTML, like Gecko) Chrome/65.0.3325.181 Safari/537.36',
  'content-type' => 'application/x-www-form-urlencoded; charset=UTF-8',
  'referer' => 'http://tp5.com/student.php/student/st/fill',
  'accept-encoding' => 'gzip, deflate',
  'accept-language' => 'zh-CN,zh;q=0.9',
  'cookie' => 'pgv_pvi=9845039104; pgv_si=s5432290304',
)
[ info ] [ PARAM ] array (
  'hzx' => 'sdf',
  'hzm' => '',
  'zwxm' => '',
  'gj' => '阿富汗',
  'csrq' => '',
  'csgj' => '阿富汗',
  'csdd' => '',
  'my' => '英语',
  'zhxl' => '英语',
  'zjxy' => '道教',
  'gzdw' => '',
  'zy' => '英语',
  'jkzk' => '',
  'tcah' => '',
  'hzhm' => '',
  'hzdq' => '',
)
[ info ] [ DB ] INIT mysql
[ info ] [ LOG ] INIT File
[ sql ] [ DB ] CONNECT:[ UseTime:0.002800s ] mysql:host=localhost;port=8889;dbname=intermis;charset=utf8
[ sql ] [ SQL ] SHOW COLUMNS FROM `student` [ RunTime:0.005169s ]
[ sql ] [ SQL ] INSERT INTO `student` (`hzx` , `hzm` , `zwxm` , `gj` , `csrq` , `csgj` , `csdd` , `my` , `zhxl` , `zjxy` , `gzdw` , `zy` , `jkzk` , `tcah` , `hzhm` , `hzdq`) VALUES ('sdf' , '' , '' , '阿富汗' , '' , '阿富汗' , '' , '英语' , '英语' , '道教' , '' , '英语' , '' , '' , '' , '') [ RunTime:0.001774s ]
---------------------------------------------------------------
[ 2018-03-25T21:55:08+08:00 ] 0.0.0.0 POST /student.php/student/st/insert.html
[ info ] tp5.com/student.php/student/st/insert.html [运行时间：0.046846s][吞吐率：21.35req/s] [内存消耗：2,383.40kb] [文件加载：72]
[ info ] [ LANG ] /Users/liuyang/intermis/tp5/thinkphp/lang/zh-cn.php
[ info ] [ ROUTE ] array (
)
[ info ] [ HEADER ] array (
  'host' => 'tp5.com',
  'connection' => 'keep-alive',
  'content-length' => '216',
  'accept' => '*/*',
  'origin' => 'http://tp5.com',
  'x-requested-with' => 'XMLHttpRequest',
  'user-agent' => 'Mozilla/5.0 (Macintosh; Intel Mac OS X 10_13_3) AppleWebKit/537.36 (KHTML, like Gecko) Chrome/65.0.3325.181 Safari/537.36',
  'content-type' => 'application/x-www-form-urlencoded; charset=UTF-8',
  'referer' => 'http://tp5.com/student.php/student/st/fill',
  'accept-encoding' => 'gzip, deflate',
  'accept-language' => 'zh-CN,zh;q=0.9',
  'cookie' => 'pgv_pvi=9845039104; pgv_si=s5432290304',
)
[ info ] [ PARAM ] array (
  'hzx' => 'sdf',
  'hzm' => '',
  'zwxm' => '',
  'gj' => '阿富汗',
  'csrq' => '',
  'csgj' => '阿富汗',
  'csdd' => '',
  'my' => '英语',
  'zhxl' => '英语',
  'zjxy' => '道教',
  'gzdw' => '',
  'zy' => '英语',
  'jkzk' => '',
  'tcah' => '',
  'hzhm' => '',
  'hzdq' => '',
)
[ info ] [ DB ] INIT mysql
[ info ] [ LOG ] INIT File
[ sql ] [ DB ] CONNECT:[ UseTime:0.000392s ] mysql:host=localhost;port=8889;dbname=intermis;charset=utf8
[ sql ] [ SQL ] SHOW COLUMNS FROM `student` [ RunTime:0.004907s ]
[ sql ] [ SQL ] INSERT INTO `student` (`hzx` , `hzm` , `zwxm` , `gj` , `csrq` , `csgj` , `csdd` , `my` , `zhxl` , `zjxy` , `gzdw` , `zy` , `jkzk` , `tcah` , `hzhm` , `hzdq`) VALUES ('sdf' , '' , '' , '阿富汗' , '' , '阿富汗' , '' , '英语' , '英语' , '道教' , '' , '英语' , '' , '' , '' , '') [ RunTime:0.001884s ]
---------------------------------------------------------------
[ 2018-03-25T21:55:08+08:00 ] 0.0.0.0 POST /student.php/student/st/insert.html
[ info ] tp5.com/student.php/student/st/insert.html [运行时间：0.045468s][吞吐率：21.99req/s] [内存消耗：2,383.40kb] [文件加载：72]
[ info ] [ LANG ] /Users/liuyang/intermis/tp5/thinkphp/lang/zh-cn.php
[ info ] [ ROUTE ] array (
)
[ info ] [ HEADER ] array (
  'host' => 'tp5.com',
  'connection' => 'keep-alive',
  'content-length' => '216',
  'accept' => '*/*',
  'origin' => 'http://tp5.com',
  'x-requested-with' => 'XMLHttpRequest',
  'user-agent' => 'Mozilla/5.0 (Macintosh; Intel Mac OS X 10_13_3) AppleWebKit/537.36 (KHTML, like Gecko) Chrome/65.0.3325.181 Safari/537.36',
  'content-type' => 'application/x-www-form-urlencoded; charset=UTF-8',
  'referer' => 'http://tp5.com/student.php/student/st/fill',
  'accept-encoding' => 'gzip, deflate',
  'accept-language' => 'zh-CN,zh;q=0.9',
  'cookie' => 'pgv_pvi=9845039104; pgv_si=s5432290304',
)
[ info ] [ PARAM ] array (
  'hzx' => 'sdf',
  'hzm' => '',
  'zwxm' => '',
  'gj' => '阿富汗',
  'csrq' => '',
  'csgj' => '阿富汗',
  'csdd' => '',
  'my' => '英语',
  'zhxl' => '英语',
  'zjxy' => '道教',
  'gzdw' => '',
  'zy' => '英语',
  'jkzk' => '',
  'tcah' => '',
  'hzhm' => '',
  'hzdq' => '',
)
[ info ] [ DB ] INIT mysql
[ info ] [ LOG ] INIT File
[ sql ] [ DB ] CONNECT:[ UseTime:0.000344s ] mysql:host=localhost;port=8889;dbname=intermis;charset=utf8
[ sql ] [ SQL ] SHOW COLUMNS FROM `student` [ RunTime:0.004568s ]
[ sql ] [ SQL ] INSERT INTO `student` (`hzx` , `hzm` , `zwxm` , `gj` , `csrq` , `csgj` , `csdd` , `my` , `zhxl` , `zjxy` , `gzdw` , `zy` , `jkzk` , `tcah` , `hzhm` , `hzdq`) VALUES ('sdf' , '' , '' , '阿富汗' , '' , '阿富汗' , '' , '英语' , '英语' , '道教' , '' , '英语' , '' , '' , '' , '') [ RunTime:0.000881s ]
---------------------------------------------------------------
[ 2018-03-25T21:55:08+08:00 ] 0.0.0.0 POST /student.php/student/st/insert.html
[ info ] tp5.com/student.php/student/st/insert.html [运行时间：0.045797s][吞吐率：21.84req/s] [内存消耗：2,383.40kb] [文件加载：72]
[ info ] [ LANG ] /Users/liuyang/intermis/tp5/thinkphp/lang/zh-cn.php
[ info ] [ ROUTE ] array (
)
[ info ] [ HEADER ] array (
  'host' => 'tp5.com',
  'connection' => 'keep-alive',
  'content-length' => '216',
  'accept' => '*/*',
  'origin' => 'http://tp5.com',
  'x-requested-with' => 'XMLHttpRequest',
  'user-agent' => 'Mozilla/5.0 (Macintosh; Intel Mac OS X 10_13_3) AppleWebKit/537.36 (KHTML, like Gecko) Chrome/65.0.3325.181 Safari/537.36',
  'content-type' => 'application/x-www-form-urlencoded; charset=UTF-8',
  'referer' => 'http://tp5.com/student.php/student/st/fill',
  'accept-encoding' => 'gzip, deflate',
  'accept-language' => 'zh-CN,zh;q=0.9',
  'cookie' => 'pgv_pvi=9845039104; pgv_si=s5432290304',
)
[ info ] [ PARAM ] array (
  'hzx' => 'sdf',
  'hzm' => '',
  'zwxm' => '',
  'gj' => '阿富汗',
  'csrq' => '',
  'csgj' => '阿富汗',
  'csdd' => '',
  'my' => '英语',
  'zhxl' => '英语',
  'zjxy' => '道教',
  'gzdw' => '',
  'zy' => '英语',
  'jkzk' => '',
  'tcah' => '',
  'hzhm' => '',
  'hzdq' => '',
)
[ info ] [ DB ] INIT mysql
[ info ] [ LOG ] INIT File
[ sql ] [ DB ] CONNECT:[ UseTime:0.000368s ] mysql:host=localhost;port=8889;dbname=intermis;charset=utf8
[ sql ] [ SQL ] SHOW COLUMNS FROM `student` [ RunTime:0.005040s ]
[ sql ] [ SQL ] INSERT INTO `student` (`hzx` , `hzm` , `zwxm` , `gj` , `csrq` , `csgj` , `csdd` , `my` , `zhxl` , `zjxy` , `gzdw` , `zy` , `jkzk` , `tcah` , `hzhm` , `hzdq`) VALUES ('sdf' , '' , '' , '阿富汗' , '' , '阿富汗' , '' , '英语' , '英语' , '道教' , '' , '英语' , '' , '' , '' , '') [ RunTime:0.000893s ]
---------------------------------------------------------------
[ 2018-03-25T21:55:52+08:00 ] 0.0.0.0 GET /student.php/student/st/fill
[ info ] tp5.com/student.php/student/st/fill [运行时间：0.053152s][吞吐率：18.81req/s] [内存消耗：2,499.48kb] [文件加载：76]
[ info ] [ LANG ] /Users/liuyang/intermis/tp5/thinkphp/lang/zh-cn.php
[ info ] [ ROUTE ] array (
)
[ info ] [ HEADER ] array (
  'host' => 'tp5.com',
  'connection' => 'keep-alive',
  'cache-control' => 'max-age=0',
  'upgrade-insecure-requests' => '1',
  'user-agent' => 'Mozilla/5.0 (Macintosh; Intel Mac OS X 10_13_3) AppleWebKit/537.36 (KHTML, like Gecko) Chrome/65.0.3325.181 Safari/537.36',
  'accept' => 'text/html,application/xhtml+xml,application/xml;q=0.9,image/webp,image/apng,*/*;q=0.8',
  'accept-encoding' => 'gzip, deflate',
  'accept-language' => 'zh-CN,zh;q=0.9',
  'cookie' => 'pgv_pvi=9845039104; pgv_si=s5432290304',
)
[ info ] [ PARAM ] array (
)
[ info ] [ DB ] INIT mysql
[ info ] [ VIEW ] /Users/liuyang/intermis/tp5/application/student/view/st/fill.html [ array (
  0 => 'country',
  1 => 'lang',
  2 => 're',
) ]
[ info ] [ LOG ] INIT File
[ sql ] [ DB ] CONNECT:[ UseTime:0.000372s ] mysql:host=localhost;port=8889;dbname=intermis;charset=utf8
[ sql ] [ SQL ] SHOW COLUMNS FROM `country` [ RunTime:0.002409s ]
[ sql ] [ SQL ] SELECT * FROM `country` [ RunTime:0.000405s ]
[ sql ] [ SQL ] SHOW COLUMNS FROM `language` [ RunTime:0.002569s ]
[ sql ] [ SQL ] SELECT * FROM `language` [ RunTime:0.000383s ]
[ sql ] [ SQL ] SHOW COLUMNS FROM `religion` [ RunTime:0.002230s ]
[ sql ] [ SQL ] SELECT * FROM `religion` [ RunTime:0.000372s ]
---------------------------------------------------------------
[ 2018-03-25T21:55:57+08:00 ] 0.0.0.0 POST /student.php/student/st/insert.html
[ info ] tp5.com/student.php/student/st/insert.html [运行时间：0.056332s][吞吐率：17.75req/s] [内存消耗：2,383.40kb] [文件加载：72]
[ info ] [ LANG ] /Users/liuyang/intermis/tp5/thinkphp/lang/zh-cn.php
[ info ] [ ROUTE ] array (
)
[ info ] [ HEADER ] array (
  'host' => 'tp5.com',
  'connection' => 'keep-alive',
  'content-length' => '222',
  'accept' => '*/*',
  'origin' => 'http://tp5.com',
  'x-requested-with' => 'XMLHttpRequest',
  'user-agent' => 'Mozilla/5.0 (Macintosh; Intel Mac OS X 10_13_3) AppleWebKit/537.36 (KHTML, like Gecko) Chrome/65.0.3325.181 Safari/537.36',
  'content-type' => 'application/x-www-form-urlencoded; charset=UTF-8',
  'referer' => 'http://tp5.com/student.php/student/st/fill',
  'accept-encoding' => 'gzip, deflate',
  'accept-language' => 'zh-CN,zh;q=0.9',
  'cookie' => 'pgv_pvi=9845039104; pgv_si=s5432290304',
)
[ info ] [ PARAM ] array (
  'hzx' => '刘',
  'hzm' => '',
  'zwxm' => '',
  'gj' => '阿富汗',
  'csrq' => '',
  'csgj' => '阿富汗',
  'csdd' => '',
  'my' => '英语',
  'zhxl' => '英语',
  'zjxy' => '道教',
  'gzdw' => '',
  'zy' => '英语',
  'jkzk' => '',
  'tcah' => '',
  'hzhm' => '',
  'hzdq' => '',
)
[ info ] [ DB ] INIT mysql
[ info ] [ LOG ] INIT File
[ sql ] [ DB ] CONNECT:[ UseTime:0.001408s ] mysql:host=localhost;port=8889;dbname=intermis;charset=utf8
[ sql ] [ SQL ] SHOW COLUMNS FROM `student` [ RunTime:0.003460s ]
[ sql ] [ SQL ] INSERT INTO `student` (`hzx` , `hzm` , `zwxm` , `gj` , `csrq` , `csgj` , `csdd` , `my` , `zhxl` , `zjxy` , `gzdw` , `zy` , `jkzk` , `tcah` , `hzhm` , `hzdq`) VALUES ('刘' , '' , '' , '阿富汗' , '' , '阿富汗' , '' , '英语' , '英语' , '道教' , '' , '英语' , '' , '' , '' , '') [ RunTime:0.000968s ]
---------------------------------------------------------------
[ 2018-03-25T21:57:23+08:00 ] 0.0.0.0 GET /student.php/student/st/fill
[ info ] tp5.com/student.php/student/st/fill [运行时间：0.055936s][吞吐率：17.88req/s] [内存消耗：2,499.41kb] [文件加载：76]
[ info ] [ LANG ] /Users/liuyang/intermis/tp5/thinkphp/lang/zh-cn.php
[ info ] [ ROUTE ] array (
)
[ info ] [ HEADER ] array (
  'host' => 'tp5.com',
  'connection' => 'keep-alive',
  'cache-control' => 'max-age=0',
  'upgrade-insecure-requests' => '1',
  'user-agent' => 'Mozilla/5.0 (Macintosh; Intel Mac OS X 10_13_3) AppleWebKit/537.36 (KHTML, like Gecko) Chrome/65.0.3325.181 Safari/537.36',
  'accept' => 'text/html,application/xhtml+xml,application/xml;q=0.9,image/webp,image/apng,*/*;q=0.8',
  'accept-encoding' => 'gzip, deflate',
  'accept-language' => 'zh-CN,zh;q=0.9',
  'cookie' => 'pgv_pvi=9845039104; pgv_si=s5432290304',
)
[ info ] [ PARAM ] array (
)
[ info ] [ DB ] INIT mysql
[ info ] [ VIEW ] /Users/liuyang/intermis/tp5/application/student/view/st/fill.html [ array (
  0 => 'country',
  1 => 'lang',
  2 => 're',
) ]
[ info ] [ LOG ] INIT File
[ sql ] [ DB ] CONNECT:[ UseTime:0.000376s ] mysql:host=localhost;port=8889;dbname=intermis;charset=utf8
[ sql ] [ SQL ] SHOW COLUMNS FROM `country` [ RunTime:0.004543s ]
[ sql ] [ SQL ] SELECT * FROM `country` [ RunTime:0.000410s ]
[ sql ] [ SQL ] SHOW COLUMNS FROM `language` [ RunTime:0.003056s ]
[ sql ] [ SQL ] SELECT * FROM `language` [ RunTime:0.000401s ]
[ sql ] [ SQL ] SHOW COLUMNS FROM `religion` [ RunTime:0.003248s ]
[ sql ] [ SQL ] SELECT * FROM `religion` [ RunTime:0.000478s ]
---------------------------------------------------------------
[ 2018-03-25T21:57:27+08:00 ] 0.0.0.0 POST /student.php/student/st/insert.html
[ info ] tp5.com/student.php/student/st/insert.html [运行时间：0.061813s][吞吐率：16.18req/s] [内存消耗：2,388.77kb] [文件加载：72]
[ info ] [ LANG ] /Users/liuyang/intermis/tp5/thinkphp/lang/zh-cn.php
[ info ] [ ROUTE ] array (
)
[ info ] [ HEADER ] array (
  'host' => 'tp5.com',
  'connection' => 'keep-alive',
  'content-length' => '222',
  'accept' => '*/*',
  'origin' => 'http://tp5.com',
  'x-requested-with' => 'XMLHttpRequest',
  'user-agent' => 'Mozilla/5.0 (Macintosh; Intel Mac OS X 10_13_3) AppleWebKit/537.36 (KHTML, like Gecko) Chrome/65.0.3325.181 Safari/537.36',
  'content-type' => 'application/x-www-form-urlencoded; charset=UTF-8',
  'referer' => 'http://tp5.com/student.php/student/st/fill',
  'accept-encoding' => 'gzip, deflate',
  'accept-language' => 'zh-CN,zh;q=0.9',
  'cookie' => 'pgv_pvi=9845039104; pgv_si=s5432290304',
)
[ info ] [ PARAM ] array (
  'hzx' => '代',
  'hzm' => '',
  'zwxm' => '',
  'gj' => '阿富汗',
  'csrq' => '',
  'csgj' => '阿富汗',
  'csdd' => '',
  'my' => '英语',
  'zhxl' => '英语',
  'zjxy' => '道教',
  'gzdw' => '',
  'zy' => '英语',
  'jkzk' => '',
  'tcah' => '',
  'hzhm' => '',
  'hzdq' => '',
)
[ info ] [ DB ] INIT mysql
[ info ] [ LOG ] INIT File
[ sql ] [ DB ] CONNECT:[ UseTime:0.000398s ] mysql:host=localhost;port=8889;dbname=intermis;charset=utf8
[ sql ] [ SQL ] SHOW COLUMNS FROM `student` [ RunTime:0.005443s ]
[ sql ] [ SQL ] INSERT INTO `student` (`hzx` , `hzm` , `zwxm` , `gj` , `csrq` , `csgj` , `csdd` , `my` , `zhxl` , `zjxy` , `gzdw` , `zy` , `jkzk` , `tcah` , `hzhm` , `hzdq`) VALUES ('代' , '' , '' , '阿富汗' , '' , '阿富汗' , '' , '英语' , '英语' , '道教' , '' , '英语' , '' , '' , '' , '') [ RunTime:0.000997s ]
---------------------------------------------------------------
[ 2018-03-25T21:57:27+08:00 ] 0.0.0.0 GET /student.php/student/st/fill1.html
[ info ] tp5.com/student.php/student/st/fill1.html [运行时间：0.027080s][吞吐率：36.93req/s] [内存消耗：1,201.69kb] [文件加载：57]
[ info ] [ LANG ] /Users/liuyang/intermis/tp5/thinkphp/lang/zh-cn.php
[ info ] [ ROUTE ] array (
)
[ info ] [ HEADER ] array (
  'host' => 'tp5.com',
  'connection' => 'keep-alive',
  'accept' => '*/*',
  'x-requested-with' => 'XMLHttpRequest',
  'user-agent' => 'Mozilla/5.0 (Macintosh; Intel Mac OS X 10_13_3) AppleWebKit/537.36 (KHTML, like Gecko) Chrome/65.0.3325.181 Safari/537.36',
  'referer' => 'http://tp5.com/student.php/student/st/fill',
  'accept-encoding' => 'gzip, deflate',
  'accept-language' => 'zh-CN,zh;q=0.9',
  'cookie' => 'pgv_pvi=9845039104; pgv_si=s5432290304',
)
[ info ] [ PARAM ] array (
)
[ info ] [ VIEW ] /Users/liuyang/intermis/tp5/application/student/view/st/fill1.html [ array (
  0 => 'stid',
) ]
[ info ] [ LOG ] INIT File
---------------------------------------------------------------
[ 2018-03-25T21:57:44+08:00 ] 0.0.0.0 GET /student.php/student/st/fill
[ info ] tp5.com/student.php/student/st/fill [运行时间：0.059100s][吞吐率：16.92req/s] [内存消耗：2,499.41kb] [文件加载：76]
[ info ] [ LANG ] /Users/liuyang/intermis/tp5/thinkphp/lang/zh-cn.php
[ info ] [ ROUTE ] array (
)
[ info ] [ HEADER ] array (
  'host' => 'tp5.com',
  'connection' => 'keep-alive',
  'cache-control' => 'max-age=0',
  'upgrade-insecure-requests' => '1',
  'user-agent' => 'Mozilla/5.0 (Macintosh; Intel Mac OS X 10_13_3) AppleWebKit/537.36 (KHTML, like Gecko) Chrome/65.0.3325.181 Safari/537.36',
  'accept' => 'text/html,application/xhtml+xml,application/xml;q=0.9,image/webp,image/apng,*/*;q=0.8',
  'accept-encoding' => 'gzip, deflate',
  'accept-language' => 'zh-CN,zh;q=0.9',
  'cookie' => 'pgv_pvi=9845039104; pgv_si=s5432290304',
)
[ info ] [ PARAM ] array (
)
[ info ] [ DB ] INIT mysql
[ info ] [ VIEW ] /Users/liuyang/intermis/tp5/application/student/view/st/fill.html [ array (
  0 => 'country',
  1 => 'lang',
  2 => 're',
) ]
[ info ] [ LOG ] INIT File
[ sql ] [ DB ] CONNECT:[ UseTime:0.000596s ] mysql:host=localhost;port=8889;dbname=intermis;charset=utf8
[ sql ] [ SQL ] SHOW COLUMNS FROM `country` [ RunTime:0.003077s ]
[ sql ] [ SQL ] SELECT * FROM `country` [ RunTime:0.000422s ]
[ sql ] [ SQL ] SHOW COLUMNS FROM `language` [ RunTime:0.003074s ]
[ sql ] [ SQL ] SELECT * FROM `language` [ RunTime:0.000369s ]
[ sql ] [ SQL ] SHOW COLUMNS FROM `religion` [ RunTime:0.002750s ]
[ sql ] [ SQL ] SELECT * FROM `religion` [ RunTime:0.000400s ]
---------------------------------------------------------------
[ 2018-03-25T21:57:48+08:00 ] 0.0.0.0 POST /student.php/student/st/insert.html
[ info ] tp5.com/student.php/student/st/insert.html [运行时间：0.057704s][吞吐率：17.33req/s] [内存消耗：2,388.77kb] [文件加载：72]
[ info ] [ LANG ] /Users/liuyang/intermis/tp5/thinkphp/lang/zh-cn.php
[ info ] [ ROUTE ] array (
)
[ info ] [ HEADER ] array (
  'host' => 'tp5.com',
  'connection' => 'keep-alive',
  'content-length' => '216',
  'accept' => '*/*',
  'origin' => 'http://tp5.com',
  'x-requested-with' => 'XMLHttpRequest',
  'user-agent' => 'Mozilla/5.0 (Macintosh; Intel Mac OS X 10_13_3) AppleWebKit/537.36 (KHTML, like Gecko) Chrome/65.0.3325.181 Safari/537.36',
  'content-type' => 'application/x-www-form-urlencoded; charset=UTF-8',
  'referer' => 'http://tp5.com/student.php/student/st/fill',
  'accept-encoding' => 'gzip, deflate',
  'accept-language' => 'zh-CN,zh;q=0.9',
  'cookie' => 'pgv_pvi=9845039104; pgv_si=s5432290304',
)
[ info ] [ PARAM ] array (
  'hzx' => 'hai',
  'hzm' => '',
  'zwxm' => '',
  'gj' => '阿富汗',
  'csrq' => '',
  'csgj' => '阿富汗',
  'csdd' => '',
  'my' => '英语',
  'zhxl' => '英语',
  'zjxy' => '道教',
  'gzdw' => '',
  'zy' => '英语',
  'jkzk' => '',
  'tcah' => '',
  'hzhm' => '',
  'hzdq' => '',
)
[ info ] [ DB ] INIT mysql
[ info ] [ LOG ] INIT File
[ sql ] [ DB ] CONNECT:[ UseTime:0.000394s ] mysql:host=localhost;port=8889;dbname=intermis;charset=utf8
[ sql ] [ SQL ] SHOW COLUMNS FROM `student` [ RunTime:0.005138s ]
[ sql ] [ SQL ] INSERT INTO `student` (`hzx` , `hzm` , `zwxm` , `gj` , `csrq` , `csgj` , `csdd` , `my` , `zhxl` , `zjxy` , `gzdw` , `zy` , `jkzk` , `tcah` , `hzhm` , `hzdq`) VALUES ('hai' , '' , '' , '阿富汗' , '' , '阿富汗' , '' , '英语' , '英语' , '道教' , '' , '英语' , '' , '' , '' , '') [ RunTime:0.000889s ]
---------------------------------------------------------------
[ 2018-03-25T21:57:48+08:00 ] 0.0.0.0 GET /student.php/student/st/fill1.html
[ info ] tp5.com/student.php/student/st/fill1.html [运行时间：0.026355s][吞吐率：37.94req/s] [内存消耗：1,201.69kb] [文件加载：57]
[ info ] [ LANG ] /Users/liuyang/intermis/tp5/thinkphp/lang/zh-cn.php
[ info ] [ ROUTE ] array (
)
[ info ] [ HEADER ] array (
  'host' => 'tp5.com',
  'connection' => 'keep-alive',
  'accept' => '*/*',
  'x-requested-with' => 'XMLHttpRequest',
  'user-agent' => 'Mozilla/5.0 (Macintosh; Intel Mac OS X 10_13_3) AppleWebKit/537.36 (KHTML, like Gecko) Chrome/65.0.3325.181 Safari/537.36',
  'referer' => 'http://tp5.com/student.php/student/st/fill',
  'accept-encoding' => 'gzip, deflate',
  'accept-language' => 'zh-CN,zh;q=0.9',
  'cookie' => 'pgv_pvi=9845039104; pgv_si=s5432290304',
)
[ info ] [ PARAM ] array (
)
[ info ] [ VIEW ] /Users/liuyang/intermis/tp5/application/student/view/st/fill1.html [ array (
  0 => 'stid',
) ]
[ info ] [ LOG ] INIT File
---------------------------------------------------------------
[ 2018-03-25T22:00:59+08:00 ] 0.0.0.0 GET /student.php/student/st/fill
[ info ] tp5.com/student.php/student/st/fill [运行时间：0.117171s][吞吐率：8.53req/s] [内存消耗：2,703.13kb] [文件加载：81]
[ info ] [ LANG ] /Users/liuyang/intermis/tp5/thinkphp/lang/zh-cn.php
[ info ] [ ROUTE ] array (
)
[ info ] [ HEADER ] array (
  'host' => 'tp5.com',
  'connection' => 'keep-alive',
  'cache-control' => 'max-age=0',
  'upgrade-insecure-requests' => '1',
  'user-agent' => 'Mozilla/5.0 (Macintosh; Intel Mac OS X 10_13_3) AppleWebKit/537.36 (KHTML, like Gecko) Chrome/65.0.3325.181 Safari/537.36',
  'accept' => 'text/html,application/xhtml+xml,application/xml;q=0.9,image/webp,image/apng,*/*;q=0.8',
  'accept-encoding' => 'gzip, deflate',
  'accept-language' => 'zh-CN,zh;q=0.9',
  'cookie' => 'pgv_pvi=9845039104; pgv_si=s5432290304',
)
[ info ] [ PARAM ] array (
)
[ info ] [ DB ] INIT mysql
[ info ] [ VIEW ] /Users/liuyang/intermis/tp5/application/student/view/st/fill.html [ array (
  0 => 'country',
  1 => 'lang',
  2 => 're',
) ]
[ info ] [ LOG ] INIT File
[ sql ] [ DB ] CONNECT:[ UseTime:0.000527s ] mysql:host=localhost;port=8889;dbname=intermis;charset=utf8
[ sql ] [ SQL ] SHOW COLUMNS FROM `country` [ RunTime:0.002589s ]
[ sql ] [ SQL ] SELECT * FROM `country` [ RunTime:0.000552s ]
[ sql ] [ SQL ] SHOW COLUMNS FROM `language` [ RunTime:0.003569s ]
[ sql ] [ SQL ] SELECT * FROM `language` [ RunTime:0.001323s ]
[ sql ] [ SQL ] SHOW COLUMNS FROM `religion` [ RunTime:0.002655s ]
[ sql ] [ SQL ] SELECT * FROM `religion` [ RunTime:0.000375s ]
[ error ] [8]未定义变量: data[/Users/liuyang/intermis/tp5/runtime/temp/a107fdd50b7d34eb8655e3cb0f0fdd96.php:292]
---------------------------------------------------------------
[ 2018-03-25T22:01:19+08:00 ] 0.0.0.0 GET /student.php/student/st/fill
[ info ] tp5.com/student.php/student/st/fill [运行时间：0.063142s][吞吐率：15.84req/s] [内存消耗：2,658.95kb] [文件加载：78]
[ info ] [ LANG ] /Users/liuyang/intermis/tp5/thinkphp/lang/zh-cn.php
[ info ] [ ROUTE ] array (
)
[ info ] [ HEADER ] array (
  'host' => 'tp5.com',
  'connection' => 'keep-alive',
  'cache-control' => 'max-age=0',
  'upgrade-insecure-requests' => '1',
  'user-agent' => 'Mozilla/5.0 (Macintosh; Intel Mac OS X 10_13_3) AppleWebKit/537.36 (KHTML, like Gecko) Chrome/65.0.3325.181 Safari/537.36',
  'accept' => 'text/html,application/xhtml+xml,application/xml;q=0.9,image/webp,image/apng,*/*;q=0.8',
  'accept-encoding' => 'gzip, deflate',
  'accept-language' => 'zh-CN,zh;q=0.9',
  'cookie' => 'pgv_pvi=9845039104; pgv_si=s5432290304',
)
[ info ] [ PARAM ] array (
)
[ info ] [ DB ] INIT mysql
[ info ] [ VIEW ] /Users/liuyang/intermis/tp5/application/student/view/st/fill.html [ array (
  0 => 'country',
  1 => 'lang',
  2 => 're',
) ]
[ info ] [ LOG ] INIT File
[ sql ] [ DB ] CONNECT:[ UseTime:0.000368s ] mysql:host=localhost;port=8889;dbname=intermis;charset=utf8
[ sql ] [ SQL ] SHOW COLUMNS FROM `country` [ RunTime:0.004435s ]
[ sql ] [ SQL ] SELECT * FROM `country` [ RunTime:0.000500s ]
[ sql ] [ SQL ] SHOW COLUMNS FROM `language` [ RunTime:0.003141s ]
[ sql ] [ SQL ] SELECT * FROM `language` [ RunTime:0.000397s ]
[ sql ] [ SQL ] SHOW COLUMNS FROM `religion` [ RunTime:0.002751s ]
[ sql ] [ SQL ] SELECT * FROM `religion` [ RunTime:0.000387s ]
---------------------------------------------------------------
[ 2018-03-25T22:01:24+08:00 ] 0.0.0.0 POST /student.php/student/st/insert.html
[ info ] tp5.com/student.php/student/st/insert.html [运行时间：0.051888s][吞吐率：19.27req/s] [内存消耗：2,334.93kb] [文件加载：70]
[ info ] [ LANG ] /Users/liuyang/intermis/tp5/thinkphp/lang/zh-cn.php
[ info ] [ ROUTE ] array (
)
[ info ] [ HEADER ] array (
  'host' => 'tp5.com',
  'connection' => 'keep-alive',
  'content-length' => '218',
  'accept' => '*/*',
  'origin' => 'http://tp5.com',
  'x-requested-with' => 'XMLHttpRequest',
  'user-agent' => 'Mozilla/5.0 (Macintosh; Intel Mac OS X 10_13_3) AppleWebKit/537.36 (KHTML, like Gecko) Chrome/65.0.3325.181 Safari/537.36',
  'content-type' => 'application/x-www-form-urlencoded; charset=UTF-8',
  'referer' => 'http://tp5.com/student.php/student/st/fill',
  'accept-encoding' => 'gzip, deflate',
  'accept-language' => 'zh-CN,zh;q=0.9',
  'cookie' => 'pgv_pvi=9845039104; pgv_si=s5432290304',
)
[ info ] [ PARAM ] array (
  'hzx' => 'jiayu',
  'hzm' => '',
  'zwxm' => '',
  'gj' => '阿富汗',
  'csrq' => '',
  'csgj' => '阿富汗',
  'csdd' => '',
  'my' => '英语',
  'zhxl' => '英语',
  'zjxy' => '道教',
  'gzdw' => '',
  'zy' => '英语',
  'jkzk' => '',
  'tcah' => '',
  'hzhm' => '',
  'hzdq' => '',
)
[ info ] [ DB ] INIT mysql
[ info ] [ LOG ] INIT File
[ sql ] [ DB ] CONNECT:[ UseTime:0.000412s ] mysql:host=localhost;port=8889;dbname=intermis;charset=utf8
[ sql ] [ SQL ] SHOW COLUMNS FROM `student` [ RunTime:0.003000s ]
[ sql ] [ SQL ] INSERT INTO `student` (`hzx` , `hzm` , `zwxm` , `gj` , `csrq` , `csgj` , `csdd` , `my` , `zhxl` , `zjxy` , `gzdw` , `zy` , `jkzk` , `tcah` , `hzhm` , `hzdq`) VALUES ('jiayu' , '' , '' , '阿富汗' , '' , '阿富汗' , '' , '英语' , '英语' , '道教' , '' , '英语' , '' , '' , '' , '') [ RunTime:0.000896s ]
---------------------------------------------------------------
[ 2018-03-25T22:06:22+08:00 ] 0.0.0.0 GET /student.php/student/st/fill
[ info ] tp5.com/student.php/student/st/fill [运行时间：0.122169s][吞吐率：8.19req/s] [内存消耗：2,703.19kb] [文件加载：81]
[ info ] [ LANG ] /Users/liuyang/intermis/tp5/thinkphp/lang/zh-cn.php
[ info ] [ ROUTE ] array (
)
[ info ] [ HEADER ] array (
  'host' => 'tp5.com',
  'connection' => 'keep-alive',
  'cache-control' => 'max-age=0',
  'upgrade-insecure-requests' => '1',
  'user-agent' => 'Mozilla/5.0 (Macintosh; Intel Mac OS X 10_13_3) AppleWebKit/537.36 (KHTML, like Gecko) Chrome/65.0.3325.181 Safari/537.36',
  'accept' => 'text/html,application/xhtml+xml,application/xml;q=0.9,image/webp,image/apng,*/*;q=0.8',
  'accept-encoding' => 'gzip, deflate',
  'accept-language' => 'zh-CN,zh;q=0.9',
  'cookie' => 'pgv_pvi=9845039104; pgv_si=s5432290304',
)
[ info ] [ PARAM ] array (
)
[ info ] [ DB ] INIT mysql
[ info ] [ VIEW ] /Users/liuyang/intermis/tp5/application/student/view/st/fill.html [ array (
  0 => 'country',
  1 => 'lang',
  2 => 're',
) ]
[ info ] [ LOG ] INIT File
[ sql ] [ DB ] CONNECT:[ UseTime:0.003539s ] mysql:host=localhost;port=8889;dbname=intermis;charset=utf8
[ sql ] [ SQL ] SHOW COLUMNS FROM `country` [ RunTime:0.002891s ]
[ sql ] [ SQL ] SELECT * FROM `country` [ RunTime:0.000405s ]
[ sql ] [ SQL ] SHOW COLUMNS FROM `language` [ RunTime:0.002882s ]
[ sql ] [ SQL ] SELECT * FROM `language` [ RunTime:0.000374s ]
[ sql ] [ SQL ] SHOW COLUMNS FROM `religion` [ RunTime:0.002878s ]
[ sql ] [ SQL ] SELECT * FROM `religion` [ RunTime:0.000388s ]
[ error ] [8]未定义变量: data[/Users/liuyang/intermis/tp5/runtime/temp/a107fdd50b7d34eb8655e3cb0f0fdd96.php:283]
---------------------------------------------------------------
[ 2018-03-25T22:06:41+08:00 ] 0.0.0.0 GET /student.php/student/st/fill
[ info ] tp5.com/student.php/student/st/fill [运行时间：0.069774s][吞吐率：14.33req/s] [内存消耗：2,658.95kb] [文件加载：78]
[ info ] [ LANG ] /Users/liuyang/intermis/tp5/thinkphp/lang/zh-cn.php
[ info ] [ ROUTE ] array (
)
[ info ] [ HEADER ] array (
  'host' => 'tp5.com',
  'connection' => 'keep-alive',
  'cache-control' => 'max-age=0',
  'upgrade-insecure-requests' => '1',
  'user-agent' => 'Mozilla/5.0 (Macintosh; Intel Mac OS X 10_13_3) AppleWebKit/537.36 (KHTML, like Gecko) Chrome/65.0.3325.181 Safari/537.36',
  'accept' => 'text/html,application/xhtml+xml,application/xml;q=0.9,image/webp,image/apng,*/*;q=0.8',
  'accept-encoding' => 'gzip, deflate',
  'accept-language' => 'zh-CN,zh;q=0.9',
  'cookie' => 'pgv_pvi=9845039104; pgv_si=s5432290304',
)
[ info ] [ PARAM ] array (
)
[ info ] [ DB ] INIT mysql
[ info ] [ VIEW ] /Users/liuyang/intermis/tp5/application/student/view/st/fill.html [ array (
  0 => 'country',
  1 => 'lang',
  2 => 're',
) ]
[ info ] [ LOG ] INIT File
[ sql ] [ DB ] CONNECT:[ UseTime:0.000412s ] mysql:host=localhost;port=8889;dbname=intermis;charset=utf8
[ sql ] [ SQL ] SHOW COLUMNS FROM `country` [ RunTime:0.004778s ]
[ sql ] [ SQL ] SELECT * FROM `country` [ RunTime:0.000425s ]
[ sql ] [ SQL ] SHOW COLUMNS FROM `language` [ RunTime:0.003339s ]
[ sql ] [ SQL ] SELECT * FROM `language` [ RunTime:0.000418s ]
[ sql ] [ SQL ] SHOW COLUMNS FROM `religion` [ RunTime:0.002913s ]
[ sql ] [ SQL ] SELECT * FROM `religion` [ RunTime:0.000410s ]
---------------------------------------------------------------
[ 2018-03-25T22:06:47+08:00 ] 0.0.0.0 POST /student.php/student/st/insert.html
[ info ] tp5.com/student.php/student/st/insert.html [运行时间：0.053937s][吞吐率：18.54req/s] [内存消耗：2,334.93kb] [文件加载：70]
[ info ] [ LANG ] /Users/liuyang/intermis/tp5/thinkphp/lang/zh-cn.php
[ info ] [ ROUTE ] array (
)
[ info ] [ HEADER ] array (
  'host' => 'tp5.com',
  'connection' => 'keep-alive',
  'content-length' => '217',
  'accept' => '*/*',
  'origin' => 'http://tp5.com',
  'x-requested-with' => 'XMLHttpRequest',
  'user-agent' => 'Mozilla/5.0 (Macintosh; Intel Mac OS X 10_13_3) AppleWebKit/537.36 (KHTML, like Gecko) Chrome/65.0.3325.181 Safari/537.36',
  'content-type' => 'application/x-www-form-urlencoded; charset=UTF-8',
  'referer' => 'http://tp5.com/student.php/student/st/fill',
  'accept-encoding' => 'gzip, deflate',
  'accept-language' => 'zh-CN,zh;q=0.9',
  'cookie' => 'pgv_pvi=9845039104; pgv_si=s5432290304',
)
[ info ] [ PARAM ] array (
  'hzx' => 'xixi',
  'hzm' => '',
  'zwxm' => '',
  'gj' => '阿富汗',
  'csrq' => '',
  'csgj' => '阿富汗',
  'csdd' => '',
  'my' => '英语',
  'zhxl' => '英语',
  'zjxy' => '道教',
  'gzdw' => '',
  'zy' => '英语',
  'jkzk' => '',
  'tcah' => '',
  'hzhm' => '',
  'hzdq' => '',
)
[ info ] [ DB ] INIT mysql
[ info ] [ LOG ] INIT File
[ sql ] [ DB ] CONNECT:[ UseTime:0.000394s ] mysql:host=localhost;port=8889;dbname=intermis;charset=utf8
[ sql ] [ SQL ] SHOW COLUMNS FROM `student` [ RunTime:0.003738s ]
[ sql ] [ SQL ] INSERT INTO `student` (`hzx` , `hzm` , `zwxm` , `gj` , `csrq` , `csgj` , `csdd` , `my` , `zhxl` , `zjxy` , `gzdw` , `zy` , `jkzk` , `tcah` , `hzhm` , `hzdq`) VALUES ('xixi' , '' , '' , '阿富汗' , '' , '阿富汗' , '' , '英语' , '英语' , '道教' , '' , '英语' , '' , '' , '' , '') [ RunTime:0.002059s ]
---------------------------------------------------------------
[ 2018-03-25T22:07:42+08:00 ] 0.0.0.0 GET /student.php/student/st/fill
[ info ] tp5.com/student.php/student/st/fill [运行时间：0.089816s][吞吐率：11.13req/s] [内存消耗：2,703.36kb] [文件加载：81]
[ info ] [ LANG ] /Users/liuyang/intermis/tp5/thinkphp/lang/zh-cn.php
[ info ] [ ROUTE ] array (
)
[ info ] [ HEADER ] array (
  'host' => 'tp5.com',
  'connection' => 'keep-alive',
  'cache-control' => 'max-age=0',
  'upgrade-insecure-requests' => '1',
  'user-agent' => 'Mozilla/5.0 (Macintosh; Intel Mac OS X 10_13_3) AppleWebKit/537.36 (KHTML, like Gecko) Chrome/65.0.3325.181 Safari/537.36',
  'accept' => 'text/html,application/xhtml+xml,application/xml;q=0.9,image/webp,image/apng,*/*;q=0.8',
  'accept-encoding' => 'gzip, deflate',
  'accept-language' => 'zh-CN,zh;q=0.9',
  'cookie' => 'pgv_pvi=9845039104; pgv_si=s5432290304',
)
[ info ] [ PARAM ] array (
)
[ info ] [ DB ] INIT mysql
[ info ] [ VIEW ] /Users/liuyang/intermis/tp5/application/student/view/st/fill.html [ array (
  0 => 'country',
  1 => 'lang',
  2 => 're',
) ]
[ info ] [ LOG ] INIT File
[ sql ] [ DB ] CONNECT:[ UseTime:0.000616s ] mysql:host=localhost;port=8889;dbname=intermis;charset=utf8
[ sql ] [ SQL ] SHOW COLUMNS FROM `country` [ RunTime:0.003199s ]
[ sql ] [ SQL ] SELECT * FROM `country` [ RunTime:0.001014s ]
[ sql ] [ SQL ] SHOW COLUMNS FROM `language` [ RunTime:0.002933s ]
[ sql ] [ SQL ] SELECT * FROM `language` [ RunTime:0.000543s ]
[ sql ] [ SQL ] SHOW COLUMNS FROM `religion` [ RunTime:0.003443s ]
[ sql ] [ SQL ] SELECT * FROM `religion` [ RunTime:0.000436s ]
[ error ] [8]Use of undefined constant stidd - assumed 'stidd'[/Users/liuyang/intermis/tp5/runtime/temp/a107fdd50b7d34eb8655e3cb0f0fdd96.php:281]
---------------------------------------------------------------
[ 2018-03-25T22:08:21+08:00 ] 0.0.0.0 GET /student.php/student/st/fill
[ info ] tp5.com/student.php/student/st/fill [运行时间：0.065657s][吞吐率：15.23req/s] [内存消耗：2,703.16kb] [文件加载：81]
[ info ] [ LANG ] /Users/liuyang/intermis/tp5/thinkphp/lang/zh-cn.php
[ info ] [ ROUTE ] array (
)
[ info ] [ HEADER ] array (
  'host' => 'tp5.com',
  'connection' => 'keep-alive',
  'cache-control' => 'max-age=0',
  'upgrade-insecure-requests' => '1',
  'user-agent' => 'Mozilla/5.0 (Macintosh; Intel Mac OS X 10_13_3) AppleWebKit/537.36 (KHTML, like Gecko) Chrome/65.0.3325.181 Safari/537.36',
  'accept' => 'text/html,application/xhtml+xml,application/xml;q=0.9,image/webp,image/apng,*/*;q=0.8',
  'accept-encoding' => 'gzip, deflate',
  'accept-language' => 'zh-CN,zh;q=0.9',
  'cookie' => 'pgv_pvi=9845039104; pgv_si=s5432290304',
)
[ info ] [ PARAM ] array (
)
[ info ] [ DB ] INIT mysql
[ info ] [ VIEW ] /Users/liuyang/intermis/tp5/application/student/view/st/fill.html [ array (
  0 => 'country',
  1 => 'lang',
  2 => 're',
) ]
[ info ] [ LOG ] INIT File
[ sql ] [ DB ] CONNECT:[ UseTime:0.002204s ] mysql:host=localhost;port=8889;dbname=intermis;charset=utf8
[ sql ] [ SQL ] SHOW COLUMNS FROM `country` [ RunTime:0.002911s ]
[ sql ] [ SQL ] SELECT * FROM `country` [ RunTime:0.000494s ]
[ sql ] [ SQL ] SHOW COLUMNS FROM `language` [ RunTime:0.003156s ]
[ sql ] [ SQL ] SELECT * FROM `language` [ RunTime:0.000385s ]
[ sql ] [ SQL ] SHOW COLUMNS FROM `religion` [ RunTime:0.003756s ]
[ sql ] [ SQL ] SELECT * FROM `religion` [ RunTime:0.000405s ]
[ error ] [8]未定义变量: stidd[/Users/liuyang/intermis/tp5/runtime/temp/a107fdd50b7d34eb8655e3cb0f0fdd96.php:281]
